{"C:\\Coding\\leap-v2\\react-client\\dist\\index.js": {"path":"C:\\Coding\\leap-v2\\react-client\\dist\\index.js","statementMap":{"0":{"start":{"line":3,"column":29},"end":{"line":3,"column":84}},"1":{"start":{"line":4,"column":14},"end":{"line":4,"column":54}},"2":{"start":{"line":5,"column":0},"end":{"line":7,"column":3}},"3":{"start":{"line":8,"column":0},"end":{"line":8,"column":226}},"4":{"start":{"line":9,"column":19},"end":{"line":9,"column":80}},"5":{"start":{"line":10,"column":22},"end":{"line":10,"column":93}},"6":{"start":{"line":11,"column":23},"end":{"line":11,"column":95}},"7":{"start":{"line":12,"column":25},"end":{"line":12,"column":99}},"8":{"start":{"line":13,"column":30},"end":{"line":13,"column":109}},"9":{"start":{"line":14,"column":14},"end":{"line":14,"column":39}},"10":{"start":{"line":15,"column":13},"end":{"line":15,"column":44}},"11":{"start":{"line":16,"column":14},"end":{"line":16,"column":55}},"12":{"start":{"line":18,"column":49},"end":{"line":18,"column":96}},"13":{"start":{"line":18,"column":84},"end":{"line":18,"column":96}},"14":{"start":{"line":18,"column":121},"end":{"line":18,"column":134}},"15":{"start":{"line":18,"column":159},"end":{"line":18,"column":172}},"16":{"start":{"line":18,"column":174},"end":{"line":18,"column":333}},"17":{"start":{"line":18,"column":258},"end":{"line":18,"column":316}},"18":{"start":{"line":19,"column":53},"end":{"line":19,"column":111}},"19":{"start":{"line":19,"column":98},"end":{"line":19,"column":109}},"20":{"start":{"line":19,"column":112},"end":{"line":19,"column":218}},"21":{"start":{"line":19,"column":190},"end":{"line":19,"column":216}},"22":{"start":{"line":19,"column":231},"end":{"line":19,"column":268}},"23":{"start":{"line":19,"column":270},"end":{"line":19,"column":325}},"24":{"start":{"line":19,"column":301},"end":{"line":19,"column":323}},"25":{"start":{"line":19,"column":339},"end":{"line":19,"column":341}},"26":{"start":{"line":19,"column":371},"end":{"line":19,"column":427}},"27":{"start":{"line":19,"column":429},"end":{"line":19,"column":730}},"28":{"start":{"line":19,"column":452},"end":{"line":19,"column":728}},"29":{"start":{"line":19,"column":538},"end":{"line":19,"column":610}},"30":{"start":{"line":19,"column":612},"end":{"line":19,"column":726}},"31":{"start":{"line":19,"column":650},"end":{"line":19,"column":691}},"32":{"start":{"line":19,"column":701},"end":{"line":19,"column":724}},"33":{"start":{"line":19,"column":731},"end":{"line":19,"column":755}},"34":{"start":{"line":19,"column":756},"end":{"line":19,"column":794}},"35":{"start":{"line":19,"column":769},"end":{"line":19,"column":792}},"36":{"start":{"line":19,"column":795},"end":{"line":19,"column":809}},"37":{"start":{"line":20,"column":54},"end":{"line":20,"column":73}},"38":{"start":{"line":20,"column":75},"end":{"line":20,"column":326}},"39":{"start":{"line":20,"column":125},"end":{"line":20,"column":161}},"40":{"start":{"line":20,"column":163},"end":{"line":20,"column":324}},"41":{"start":{"line":20,"column":224},"end":{"line":20,"column":287}},"42":{"start":{"line":20,"column":327},"end":{"line":20,"column":339}},"43":{"start":{"line":21,"column":33},"end":{"line":21,"column":506}},"44":{"start":{"line":21,"column":46},"end":{"line":21,"column":47}},"45":{"start":{"line":21,"column":91},"end":{"line":21,"column":131}},"46":{"start":{"line":21,"column":133},"end":{"line":21,"column":504}},"47":{"start":{"line":21,"column":194},"end":{"line":21,"column":253}},"48":{"start":{"line":21,"column":419},"end":{"line":21,"column":500}},"49":{"start":{"line":21,"column":507},"end":{"line":21,"column":521}},"50":{"start":{"line":22,"column":23},"end":{"line":22,"column":638}},"51":{"start":{"line":23,"column":0},"end":{"line":23,"column":44}},"52":{"start":{"line":24,"column":19},"end":{"line":24,"column":259}},"53":{"start":{"line":25,"column":0},"end":{"line":25,"column":36}},"54":{"start":{"line":26,"column":23},"end":{"line":26,"column":635}},"55":{"start":{"line":27,"column":0},"end":{"line":27,"column":44}},"56":{"start":{"line":28,"column":16},"end":{"line":28,"column":246}},"57":{"start":{"line":29,"column":0},"end":{"line":29,"column":30}},"58":{"start":{"line":30,"column":16},"end":{"line":30,"column":305}},"59":{"start":{"line":31,"column":0},"end":{"line":31,"column":30}},"60":{"start":{"line":32,"column":20},"end":{"line":32,"column":251}},"61":{"start":{"line":33,"column":0},"end":{"line":33,"column":38}},"62":{"start":{"line":34,"column":19},"end":{"line":105,"column":1}},"63":{"start":{"line":36,"column":15},"end":{"line":36,"column":29}},"64":{"start":{"line":37,"column":26},"end":{"line":37,"column":88}},"65":{"start":{"line":38,"column":28},"end":{"line":38,"column":52}},"66":{"start":{"line":39,"column":21},"end":{"line":39,"column":84}},"67":{"start":{"line":40,"column":21},"end":{"line":40,"column":45}},"68":{"start":{"line":41,"column":2},"end":{"line":43,"column":3}},"69":{"start":{"line":42,"column":4},"end":{"line":42,"column":126}},"70":{"start":{"line":44,"column":18},"end":{"line":50,"column":6}},"71":{"start":{"line":51,"column":16},"end":{"line":51,"column":30}},"72":{"start":{"line":52,"column":12},"end":{"line":52,"column":27}},"73":{"start":{"line":53,"column":14},"end":{"line":53,"column":31}},"74":{"start":{"line":65,"column":2},"end":{"line":99,"column":315}},"75":{"start":{"line":66,"column":4},"end":{"line":98,"column":10}},"76":{"start":{"line":69,"column":6},"end":{"line":97,"column":18}},"77":{"start":{"line":70,"column":8},"end":{"line":96,"column":9}},"78":{"start":{"line":70,"column":18},"end":{"line":96,"column":9}},"79":{"start":{"line":72,"column":12},"end":{"line":72,"column":30}},"80":{"start":{"line":73,"column":12},"end":{"line":79,"column":15}},"81":{"start":{"line":81,"column":12},"end":{"line":81,"column":32}},"82":{"start":{"line":82,"column":12},"end":{"line":82,"column":346}},"83":{"start":{"line":83,"column":12},"end":{"line":92,"column":15}},"84":{"start":{"line":84,"column":14},"end":{"line":91,"column":17}},"85":{"start":{"line":88,"column":20},"end":{"line":88,"column":298}},"86":{"start":{"line":95,"column":12},"end":{"line":95,"column":35}},"87":{"start":{"line":100,"column":16},"end":{"line":100,"column":263}},"88":{"start":{"line":101,"column":2},"end":{"line":104,"column":5}},"89":{"start":{"line":106,"column":0},"end":{"line":106,"column":36}},"90":{"start":{"line":107,"column":26},"end":{"line":147,"column":1}},"91":{"start":{"line":108,"column":2},"end":{"line":146,"column":6}},"92":{"start":{"line":113,"column":15},"end":{"line":113,"column":24}},"93":{"start":{"line":114,"column":4},"end":{"line":145,"column":17}},"94":{"start":{"line":115,"column":6},"end":{"line":144,"column":7}},"95":{"start":{"line":115,"column":16},"end":{"line":144,"column":7}},"96":{"start":{"line":117,"column":10},"end":{"line":119,"column":11}},"97":{"start":{"line":118,"column":12},"end":{"line":118,"column":38}},"98":{"start":{"line":120,"column":10},"end":{"line":120,"column":29}},"99":{"start":{"line":121,"column":10},"end":{"line":128,"column":13}},"100":{"start":{"line":130,"column":10},"end":{"line":130,"column":36}},"101":{"start":{"line":131,"column":10},"end":{"line":140,"column":11}},"102":{"start":{"line":132,"column":12},"end":{"line":139,"column":15}},"103":{"start":{"line":136,"column":18},"end":{"line":136,"column":44}},"104":{"start":{"line":143,"column":10},"end":{"line":143,"column":34}},"105":{"start":{"line":148,"column":0},"end":{"line":148,"column":50}},"106":{"start":{"line":149,"column":22},"end":{"line":163,"column":1}},"107":{"start":{"line":151,"column":12},"end":{"line":151,"column":189}},"108":{"start":{"line":152,"column":16},"end":{"line":152,"column":47}},"109":{"start":{"line":153,"column":2},"end":{"line":153,"column":69}},"110":{"start":{"line":153,"column":54},"end":{"line":153,"column":69}},"111":{"start":{"line":154,"column":2},"end":{"line":161,"column":3}},"112":{"start":{"line":154,"column":16},"end":{"line":154,"column":17}},"113":{"start":{"line":154,"column":37},"end":{"line":154,"column":62}},"114":{"start":{"line":155,"column":29},"end":{"line":155,"column":84}},"115":{"start":{"line":156,"column":12},"end":{"line":156,"column":33}},"116":{"start":{"line":157,"column":12},"end":{"line":157,"column":33}},"117":{"start":{"line":158,"column":4},"end":{"line":160,"column":5}},"118":{"start":{"line":159,"column":6},"end":{"line":159,"column":72}},"119":{"start":{"line":162,"column":2},"end":{"line":162,"column":17}},"120":{"start":{"line":164,"column":21},"end":{"line":263,"column":1}},"121":{"start":{"line":166,"column":12},"end":{"line":166,"column":23}},"122":{"start":{"line":167,"column":12},"end":{"line":167,"column":25}},"123":{"start":{"line":168,"column":13},"end":{"line":168,"column":27}},"124":{"start":{"line":169,"column":27},"end":{"line":169,"column":89}},"125":{"start":{"line":170,"column":28},"end":{"line":170,"column":53}},"126":{"start":{"line":171,"column":21},"end":{"line":171,"column":84}},"127":{"start":{"line":172,"column":21},"end":{"line":172,"column":45}},"128":{"start":{"line":173,"column":12},"end":{"line":173,"column":54}},"129":{"start":{"line":174,"column":2},"end":{"line":176,"column":3}},"130":{"start":{"line":175,"column":4},"end":{"line":175,"column":126}},"131":{"start":{"line":177,"column":18},"end":{"line":177,"column":45}},"132":{"start":{"line":178,"column":17},"end":{"line":178,"column":62}},"133":{"start":{"line":179,"column":22},"end":{"line":179,"column":35}},"134":{"start":{"line":180,"column":25},"end":{"line":180,"column":38}},"135":{"start":{"line":181,"column":19},"end":{"line":187,"column":6}},"136":{"start":{"line":188,"column":16},"end":{"line":188,"column":31}},"137":{"start":{"line":189,"column":18},"end":{"line":189,"column":34}},"138":{"start":{"line":190,"column":14},"end":{"line":190,"column":32}},"139":{"start":{"line":191,"column":2},"end":{"line":191,"column":45}},"140":{"start":{"line":192,"column":14},"end":{"line":194,"column":18}},"141":{"start":{"line":195,"column":25},"end":{"line":201,"column":6}},"142":{"start":{"line":202,"column":23},"end":{"line":202,"column":44}},"143":{"start":{"line":203,"column":2},"end":{"line":211,"column":215}},"144":{"start":{"line":204,"column":4},"end":{"line":210,"column":7}},"145":{"start":{"line":207,"column":10},"end":{"line":207,"column":168}},"146":{"start":{"line":212,"column":17},"end":{"line":252,"column":32}},"147":{"start":{"line":213,"column":4},"end":{"line":251,"column":6}},"148":{"start":{"line":214,"column":6},"end":{"line":214,"column":32}},"149":{"start":{"line":215,"column":6},"end":{"line":250,"column":12}},"150":{"start":{"line":217,"column":8},"end":{"line":249,"column":21}},"151":{"start":{"line":218,"column":10},"end":{"line":248,"column":11}},"152":{"start":{"line":218,"column":20},"end":{"line":248,"column":11}},"153":{"start":{"line":220,"column":14},"end":{"line":220,"column":34}},"154":{"start":{"line":221,"column":14},"end":{"line":221,"column":50}},"155":{"start":{"line":222,"column":14},"end":{"line":234,"column":17}},"156":{"start":{"line":235,"column":14},"end":{"line":235,"column":33}},"157":{"start":{"line":236,"column":14},"end":{"line":236,"column":30}},"158":{"start":{"line":238,"column":14},"end":{"line":241,"column":15}},"159":{"start":{"line":239,"column":16},"end":{"line":239,"column":35}},"160":{"start":{"line":240,"column":16},"end":{"line":240,"column":22}},"161":{"start":{"line":242,"column":14},"end":{"line":242,"column":48}},"162":{"start":{"line":244,"column":14},"end":{"line":244,"column":54}},"163":{"start":{"line":247,"column":14},"end":{"line":247,"column":38}},"164":{"start":{"line":253,"column":2},"end":{"line":258,"column":3}},"165":{"start":{"line":254,"column":4},"end":{"line":257,"column":7}},"166":{"start":{"line":259,"column":2},"end":{"line":262,"column":5}},"167":{"start":{"line":264,"column":0},"end":{"line":264,"column":40}}},"fnMap":{"0":{"name":"_getRequireWildcardCache","decl":{"start":{"line":18,"column":9},"end":{"line":18,"column":33}},"loc":{"start":{"line":18,"column":47},"end":{"line":18,"column":335}},"line":18},"1":{"name":"_getRequireWildcardCache","decl":{"start":{"line":18,"column":218},"end":{"line":18,"column":242}},"loc":{"start":{"line":18,"column":256},"end":{"line":18,"column":318}},"line":18},"2":{"name":"_interopRequireWildcard","decl":{"start":{"line":19,"column":9},"end":{"line":19,"column":32}},"loc":{"start":{"line":19,"column":51},"end":{"line":19,"column":811}},"line":19},"3":{"name":"ownKeys","decl":{"start":{"line":20,"column":9},"end":{"line":20,"column":16}},"loc":{"start":{"line":20,"column":41},"end":{"line":20,"column":341}},"line":20},"4":{"name":"(anonymous_4)","decl":{"start":{"line":20,"column":207},"end":{"line":20,"column":208}},"loc":{"start":{"line":20,"column":222},"end":{"line":20,"column":289}},"line":20},"5":{"name":"_objectSpread","decl":{"start":{"line":21,"column":9},"end":{"line":21,"column":22}},"loc":{"start":{"line":21,"column":31},"end":{"line":21,"column":523}},"line":21},"6":{"name":"(anonymous_6)","decl":{"start":{"line":21,"column":177},"end":{"line":21,"column":178}},"loc":{"start":{"line":21,"column":192},"end":{"line":21,"column":255}},"line":21},"7":{"name":"(anonymous_7)","decl":{"start":{"line":21,"column":402},"end":{"line":21,"column":403}},"loc":{"start":{"line":21,"column":417},"end":{"line":21,"column":502}},"line":21},"8":{"name":"useComponent","decl":{"start":{"line":34,"column":28},"end":{"line":34,"column":40}},"loc":{"start":{"line":34,"column":55},"end":{"line":105,"column":1}},"line":34},"9":{"name":"(anonymous_9)","decl":{"start":{"line":65,"column":25},"end":{"line":65,"column":26}},"loc":{"start":{"line":65,"column":37},"end":{"line":99,"column":3}},"line":65},"10":{"name":"_callee","decl":{"start":{"line":66,"column":91},"end":{"line":66,"column":98}},"loc":{"start":{"line":66,"column":101},"end":{"line":98,"column":5}},"line":66},"11":{"name":"_callee$","decl":{"start":{"line":69,"column":51},"end":{"line":69,"column":59}},"loc":{"start":{"line":69,"column":70},"end":{"line":97,"column":7}},"line":69},"12":{"name":"(anonymous_12)","decl":{"start":{"line":83,"column":26},"end":{"line":83,"column":27}},"loc":{"start":{"line":83,"column":54},"end":{"line":92,"column":13}},"line":83},"13":{"name":"renderComponent","decl":{"start":{"line":86,"column":44},"end":{"line":86,"column":59}},"loc":{"start":{"line":86,"column":62},"end":{"line":89,"column":19}},"line":86},"14":{"name":"CallFunctionFactory","decl":{"start":{"line":107,"column":35},"end":{"line":107,"column":54}},"loc":{"start":{"line":107,"column":80},"end":{"line":147,"column":1}},"line":107},"15":{"name":"_callee2","decl":{"start":{"line":108,"column":109},"end":{"line":108,"column":117}},"loc":{"start":{"line":108,"column":120},"end":{"line":146,"column":3}},"line":108},"16":{"name":"_callee2$","decl":{"start":{"line":114,"column":49},"end":{"line":114,"column":58}},"loc":{"start":{"line":114,"column":70},"end":{"line":145,"column":5}},"line":114},"17":{"name":"error","decl":{"start":{"line":135,"column":32},"end":{"line":135,"column":37}},"loc":{"start":{"line":135,"column":40},"end":{"line":137,"column":17}},"line":135},"18":{"name":"inlineFunctions","decl":{"start":{"line":149,"column":31},"end":{"line":149,"column":46}},"loc":{"start":{"line":149,"column":67},"end":{"line":163,"column":1}},"line":149},"19":{"name":"useServerState","decl":{"start":{"line":164,"column":30},"end":{"line":164,"column":44}},"loc":{"start":{"line":164,"column":68},"end":{"line":263,"column":1}},"line":164},"20":{"name":"(anonymous_20)","decl":{"start":{"line":203,"column":25},"end":{"line":203,"column":26}},"loc":{"start":{"line":203,"column":37},"end":{"line":211,"column":3}},"line":203},"21":{"name":"getState","decl":{"start":{"line":206,"column":27},"end":{"line":206,"column":35}},"loc":{"start":{"line":206,"column":38},"end":{"line":208,"column":9}},"line":206},"22":{"name":"(anonymous_22)","decl":{"start":{"line":212,"column":38},"end":{"line":212,"column":39}},"loc":{"start":{"line":212,"column":50},"end":{"line":252,"column":3}},"line":212},"23":{"name":"(anonymous_23)","decl":{"start":{"line":213,"column":11},"end":{"line":213,"column":12}},"loc":{"start":{"line":213,"column":28},"end":{"line":251,"column":5}},"line":213},"24":{"name":"_callee3","decl":{"start":{"line":215,"column":93},"end":{"line":215,"column":101}},"loc":{"start":{"line":215,"column":104},"end":{"line":250,"column":7}},"line":215},"25":{"name":"_callee3$","decl":{"start":{"line":217,"column":53},"end":{"line":217,"column":62}},"loc":{"start":{"line":217,"column":74},"end":{"line":249,"column":9}},"line":217}},"branchMap":{"0":{"loc":{"start":{"line":18,"column":49},"end":{"line":18,"column":96}},"type":"if","locations":[{"start":{"line":18,"column":49},"end":{"line":18,"column":96}},{"start":{},"end":{}}],"line":18},"1":{"loc":{"start":{"line":18,"column":265},"end":{"line":18,"column":315}},"type":"cond-expr","locations":[{"start":{"line":18,"column":279},"end":{"line":18,"column":295}},{"start":{"line":18,"column":298},"end":{"line":18,"column":315}}],"line":18},"2":{"loc":{"start":{"line":19,"column":53},"end":{"line":19,"column":111}},"type":"if","locations":[{"start":{"line":19,"column":53},"end":{"line":19,"column":111}},{"start":{},"end":{}}],"line":19},"3":{"loc":{"start":{"line":19,"column":57},"end":{"line":19,"column":94}},"type":"binary-expr","locations":[{"start":{"line":19,"column":57},"end":{"line":19,"column":69}},{"start":{"line":19,"column":73},"end":{"line":19,"column":76}},{"start":{"line":19,"column":80},"end":{"line":19,"column":94}}],"line":19},"4":{"loc":{"start":{"line":19,"column":112},"end":{"line":19,"column":218}},"type":"if","locations":[{"start":{"line":19,"column":112},"end":{"line":19,"column":218}},{"start":{},"end":{}}],"line":19},"5":{"loc":{"start":{"line":19,"column":116},"end":{"line":19,"column":186}},"type":"binary-expr","locations":[{"start":{"line":19,"column":116},"end":{"line":19,"column":128}},{"start":{"line":19,"column":132},"end":{"line":19,"column":157}},{"start":{"line":19,"column":161},"end":{"line":19,"column":186}}],"line":19},"6":{"loc":{"start":{"line":19,"column":270},"end":{"line":19,"column":325}},"type":"if","locations":[{"start":{"line":19,"column":270},"end":{"line":19,"column":325}},{"start":{},"end":{}}],"line":19},"7":{"loc":{"start":{"line":19,"column":274},"end":{"line":19,"column":297}},"type":"binary-expr","locations":[{"start":{"line":19,"column":274},"end":{"line":19,"column":279}},{"start":{"line":19,"column":283},"end":{"line":19,"column":297}}],"line":19},"8":{"loc":{"start":{"line":19,"column":371},"end":{"line":19,"column":427}},"type":"binary-expr","locations":[{"start":{"line":19,"column":371},"end":{"line":19,"column":392}},{"start":{"line":19,"column":396},"end":{"line":19,"column":427}}],"line":19},"9":{"loc":{"start":{"line":19,"column":452},"end":{"line":19,"column":728}},"type":"if","locations":[{"start":{"line":19,"column":452},"end":{"line":19,"column":728}},{"start":{},"end":{}}],"line":19},"10":{"loc":{"start":{"line":19,"column":456},"end":{"line":19,"column":523}},"type":"binary-expr","locations":[{"start":{"line":19,"column":456},"end":{"line":19,"column":473}},{"start":{"line":19,"column":477},"end":{"line":19,"column":523}}],"line":19},"11":{"loc":{"start":{"line":19,"column":538},"end":{"line":19,"column":610}},"type":"cond-expr","locations":[{"start":{"line":19,"column":562},"end":{"line":19,"column":603}},{"start":{"line":19,"column":606},"end":{"line":19,"column":610}}],"line":19},"12":{"loc":{"start":{"line":19,"column":612},"end":{"line":19,"column":726}},"type":"if","locations":[{"start":{"line":19,"column":612},"end":{"line":19,"column":726}},{"start":{"line":19,"column":699},"end":{"line":19,"column":726}}],"line":19},"13":{"loc":{"start":{"line":19,"column":616},"end":{"line":19,"column":646}},"type":"binary-expr","locations":[{"start":{"line":19,"column":616},"end":{"line":19,"column":620}},{"start":{"line":19,"column":625},"end":{"line":19,"column":633}},{"start":{"line":19,"column":637},"end":{"line":19,"column":645}}],"line":19},"14":{"loc":{"start":{"line":19,"column":756},"end":{"line":19,"column":794}},"type":"if","locations":[{"start":{"line":19,"column":756},"end":{"line":19,"column":794}},{"start":{},"end":{}}],"line":19},"15":{"loc":{"start":{"line":20,"column":75},"end":{"line":20,"column":326}},"type":"if","locations":[{"start":{"line":20,"column":75},"end":{"line":20,"column":326}},{"start":{},"end":{}}],"line":20},"16":{"loc":{"start":{"line":20,"column":163},"end":{"line":20,"column":291}},"type":"binary-expr","locations":[{"start":{"line":20,"column":163},"end":{"line":20,"column":177}},{"start":{"line":20,"column":182},"end":{"line":20,"column":290}}],"line":20},"17":{"loc":{"start":{"line":21,"column":91},"end":{"line":21,"column":131}},"type":"cond-expr","locations":[{"start":{"line":21,"column":114},"end":{"line":21,"column":126}},{"start":{"line":21,"column":129},"end":{"line":21,"column":131}}],"line":21},"18":{"loc":{"start":{"line":21,"column":133},"end":{"line":21,"column":503}},"type":"cond-expr","locations":[{"start":{"line":21,"column":141},"end":{"line":21,"column":256}},{"start":{"line":21,"column":259},"end":{"line":21,"column":503}}],"line":21},"19":{"loc":{"start":{"line":21,"column":259},"end":{"line":21,"column":503}},"type":"cond-expr","locations":[{"start":{"line":21,"column":294},"end":{"line":21,"column":367}},{"start":{"line":21,"column":370},"end":{"line":21,"column":503}}],"line":21},"20":{"loc":{"start":{"line":22,"column":40},"end":{"line":22,"column":637}},"type":"binary-expr","locations":[{"start":{"line":22,"column":40},"end":{"line":22,"column":55}},{"start":{"line":22,"column":60},"end":{"line":22,"column":636}}],"line":22},"21":{"loc":{"start":{"line":24,"column":36},"end":{"line":24,"column":258}},"type":"binary-expr","locations":[{"start":{"line":24,"column":36},"end":{"line":24,"column":52}},{"start":{"line":24,"column":57},"end":{"line":24,"column":257}}],"line":24},"22":{"loc":{"start":{"line":26,"column":40},"end":{"line":26,"column":634}},"type":"binary-expr","locations":[{"start":{"line":26,"column":40},"end":{"line":26,"column":56}},{"start":{"line":26,"column":61},"end":{"line":26,"column":633}}],"line":26},"23":{"loc":{"start":{"line":28,"column":33},"end":{"line":28,"column":245}},"type":"binary-expr","locations":[{"start":{"line":28,"column":33},"end":{"line":28,"column":49}},{"start":{"line":28,"column":54},"end":{"line":28,"column":244}}],"line":28},"24":{"loc":{"start":{"line":30,"column":33},"end":{"line":30,"column":304}},"type":"binary-expr","locations":[{"start":{"line":30,"column":33},"end":{"line":30,"column":49}},{"start":{"line":30,"column":54},"end":{"line":30,"column":303}}],"line":30},"25":{"loc":{"start":{"line":32,"column":37},"end":{"line":32,"column":250}},"type":"binary-expr","locations":[{"start":{"line":32,"column":37},"end":{"line":32,"column":53}},{"start":{"line":32,"column":58},"end":{"line":32,"column":249}}],"line":32},"26":{"loc":{"start":{"line":39,"column":21},"end":{"line":39,"column":84}},"type":"cond-expr","locations":[{"start":{"line":39,"column":56},"end":{"line":39,"column":60}},{"start":{"line":39,"column":63},"end":{"line":39,"column":84}}],"line":39},"27":{"loc":{"start":{"line":40,"column":21},"end":{"line":40,"column":45}},"type":"binary-expr","locations":[{"start":{"line":40,"column":21},"end":{"line":40,"column":27}},{"start":{"line":40,"column":31},"end":{"line":40,"column":45}}],"line":40},"28":{"loc":{"start":{"line":41,"column":2},"end":{"line":43,"column":3}},"type":"if","locations":[{"start":{"line":41,"column":2},"end":{"line":43,"column":3}},{"start":{},"end":{}}],"line":41},"29":{"loc":{"start":{"line":70,"column":18},"end":{"line":96,"column":9}},"type":"switch","locations":[{"start":{"line":71,"column":10},"end":{"line":79,"column":15}},{"start":{"line":80,"column":10},"end":{"line":92,"column":15}},{"start":{"line":93,"column":10},"end":{"line":93,"column":17}},{"start":{"line":94,"column":10},"end":{"line":95,"column":35}}],"line":70},"30":{"loc":{"start":{"line":76,"column":21},"end":{"line":76,"column":324}},"type":"cond-expr","locations":[{"start":{"line":76,"column":66},"end":{"line":76,"column":72}},{"start":{"line":76,"column":75},"end":{"line":76,"column":324}}],"line":76},"31":{"loc":{"start":{"line":76,"column":21},"end":{"line":76,"column":63}},"type":"binary-expr","locations":[{"start":{"line":76,"column":21},"end":{"line":76,"column":39}},{"start":{"line":76,"column":43},"end":{"line":76,"column":63}}],"line":76},"32":{"loc":{"start":{"line":76,"column":75},"end":{"line":76,"column":324}},"type":"cond-expr","locations":[{"start":{"line":76,"column":174},"end":{"line":76,"column":180}},{"start":{"line":76,"column":183},"end":{"line":76,"column":324}}],"line":76},"33":{"loc":{"start":{"line":76,"column":75},"end":{"line":76,"column":171}},"type":"binary-expr","locations":[{"start":{"line":76,"column":75},"end":{"line":76,"column":135}},{"start":{"line":76,"column":139},"end":{"line":76,"column":171}}],"line":76},"34":{"loc":{"start":{"line":76,"column":183},"end":{"line":76,"column":324}},"type":"cond-expr","locations":[{"start":{"line":76,"column":289},"end":{"line":76,"column":295}},{"start":{"line":76,"column":298},"end":{"line":76,"column":324}}],"line":76},"35":{"loc":{"start":{"line":76,"column":183},"end":{"line":76,"column":286}},"type":"binary-expr","locations":[{"start":{"line":76,"column":183},"end":{"line":76,"column":249}},{"start":{"line":76,"column":253},"end":{"line":76,"column":286}}],"line":76},"36":{"loc":{"start":{"line":82,"column":38},"end":{"line":82,"column":344}},"type":"cond-expr","locations":[{"start":{"line":82,"column":83},"end":{"line":82,"column":89}},{"start":{"line":82,"column":92},"end":{"line":82,"column":344}}],"line":82},"37":{"loc":{"start":{"line":82,"column":38},"end":{"line":82,"column":80}},"type":"binary-expr","locations":[{"start":{"line":82,"column":38},"end":{"line":82,"column":56}},{"start":{"line":82,"column":60},"end":{"line":82,"column":80}}],"line":82},"38":{"loc":{"start":{"line":82,"column":92},"end":{"line":82,"column":344}},"type":"cond-expr","locations":[{"start":{"line":82,"column":193},"end":{"line":82,"column":199}},{"start":{"line":82,"column":202},"end":{"line":82,"column":344}}],"line":82},"39":{"loc":{"start":{"line":82,"column":92},"end":{"line":82,"column":190}},"type":"binary-expr","locations":[{"start":{"line":82,"column":92},"end":{"line":82,"column":153}},{"start":{"line":82,"column":157},"end":{"line":82,"column":190}}],"line":82},"40":{"loc":{"start":{"line":82,"column":202},"end":{"line":82,"column":344}},"type":"cond-expr","locations":[{"start":{"line":82,"column":309},"end":{"line":82,"column":315}},{"start":{"line":82,"column":318},"end":{"line":82,"column":344}}],"line":82},"41":{"loc":{"start":{"line":82,"column":202},"end":{"line":82,"column":306}},"type":"binary-expr","locations":[{"start":{"line":82,"column":202},"end":{"line":82,"column":269}},{"start":{"line":82,"column":273},"end":{"line":82,"column":306}}],"line":82},"42":{"loc":{"start":{"line":88,"column":87},"end":{"line":88,"column":296}},"type":"cond-expr","locations":[{"start":{"line":88,"column":146},"end":{"line":88,"column":152}},{"start":{"line":88,"column":155},"end":{"line":88,"column":296}}],"line":88},"43":{"loc":{"start":{"line":88,"column":87},"end":{"line":88,"column":143}},"type":"binary-expr","locations":[{"start":{"line":88,"column":87},"end":{"line":88,"column":112}},{"start":{"line":88,"column":116},"end":{"line":88,"column":143}}],"line":88},"44":{"loc":{"start":{"line":88,"column":155},"end":{"line":88,"column":296}},"type":"cond-expr","locations":[{"start":{"line":88,"column":250},"end":{"line":88,"column":256}},{"start":{"line":88,"column":259},"end":{"line":88,"column":296}}],"line":88},"45":{"loc":{"start":{"line":88,"column":155},"end":{"line":88,"column":247}},"type":"binary-expr","locations":[{"start":{"line":88,"column":155},"end":{"line":88,"column":211}},{"start":{"line":88,"column":215},"end":{"line":88,"column":247}}],"line":88},"46":{"loc":{"start":{"line":99,"column":6},"end":{"line":99,"column":312}},"type":"cond-expr","locations":[{"start":{"line":99,"column":51},"end":{"line":99,"column":57}},{"start":{"line":99,"column":60},"end":{"line":99,"column":312}}],"line":99},"47":{"loc":{"start":{"line":99,"column":6},"end":{"line":99,"column":48}},"type":"binary-expr","locations":[{"start":{"line":99,"column":6},"end":{"line":99,"column":24}},{"start":{"line":99,"column":28},"end":{"line":99,"column":48}}],"line":99},"48":{"loc":{"start":{"line":99,"column":60},"end":{"line":99,"column":312}},"type":"cond-expr","locations":[{"start":{"line":99,"column":161},"end":{"line":99,"column":167}},{"start":{"line":99,"column":170},"end":{"line":99,"column":312}}],"line":99},"49":{"loc":{"start":{"line":99,"column":60},"end":{"line":99,"column":158}},"type":"binary-expr","locations":[{"start":{"line":99,"column":60},"end":{"line":99,"column":121}},{"start":{"line":99,"column":125},"end":{"line":99,"column":158}}],"line":99},"50":{"loc":{"start":{"line":99,"column":170},"end":{"line":99,"column":312}},"type":"cond-expr","locations":[{"start":{"line":99,"column":277},"end":{"line":99,"column":283}},{"start":{"line":99,"column":286},"end":{"line":99,"column":312}}],"line":99},"51":{"loc":{"start":{"line":99,"column":170},"end":{"line":99,"column":274}},"type":"binary-expr","locations":[{"start":{"line":99,"column":170},"end":{"line":99,"column":237}},{"start":{"line":99,"column":241},"end":{"line":99,"column":274}}],"line":99},"52":{"loc":{"start":{"line":100,"column":16},"end":{"line":100,"column":263}},"type":"binary-expr","locations":[{"start":{"line":100,"column":17},"end":{"line":100,"column":212}},{"start":{"line":100,"column":217},"end":{"line":100,"column":257}},{"start":{"line":100,"column":261},"end":{"line":100,"column":263}}],"line":100},"53":{"loc":{"start":{"line":100,"column":17},"end":{"line":100,"column":212}},"type":"cond-expr","locations":[{"start":{"line":100,"column":62},"end":{"line":100,"column":68}},{"start":{"line":100,"column":71},"end":{"line":100,"column":212}}],"line":100},"54":{"loc":{"start":{"line":100,"column":17},"end":{"line":100,"column":59}},"type":"binary-expr","locations":[{"start":{"line":100,"column":17},"end":{"line":100,"column":35}},{"start":{"line":100,"column":39},"end":{"line":100,"column":59}}],"line":100},"55":{"loc":{"start":{"line":100,"column":71},"end":{"line":100,"column":212}},"type":"cond-expr","locations":[{"start":{"line":100,"column":172},"end":{"line":100,"column":178}},{"start":{"line":100,"column":181},"end":{"line":100,"column":212}}],"line":100},"56":{"loc":{"start":{"line":100,"column":71},"end":{"line":100,"column":169}},"type":"binary-expr","locations":[{"start":{"line":100,"column":71},"end":{"line":100,"column":132}},{"start":{"line":100,"column":136},"end":{"line":100,"column":169}}],"line":100},"57":{"loc":{"start":{"line":115,"column":16},"end":{"line":144,"column":7}},"type":"switch","locations":[{"start":{"line":116,"column":8},"end":{"line":128,"column":13}},{"start":{"line":129,"column":8},"end":{"line":140,"column":11}},{"start":{"line":141,"column":8},"end":{"line":141,"column":15}},{"start":{"line":142,"column":8},"end":{"line":143,"column":34}}],"line":115},"58":{"loc":{"start":{"line":131,"column":10},"end":{"line":140,"column":11}},"type":"if","locations":[{"start":{"line":131,"column":10},"end":{"line":140,"column":11}},{"start":{},"end":{}}],"line":131},"59":{"loc":{"start":{"line":151,"column":12},"end":{"line":151,"column":189}},"type":"cond-expr","locations":[{"start":{"line":151,"column":47},"end":{"line":151,"column":53}},{"start":{"line":151,"column":56},"end":{"line":151,"column":189}}],"line":151},"60":{"loc":{"start":{"line":151,"column":12},"end":{"line":151,"column":44}},"type":"binary-expr","locations":[{"start":{"line":151,"column":12},"end":{"line":151,"column":25}},{"start":{"line":151,"column":29},"end":{"line":151,"column":44}}],"line":151},"61":{"loc":{"start":{"line":151,"column":56},"end":{"line":151,"column":189}},"type":"cond-expr","locations":[{"start":{"line":151,"column":150},"end":{"line":151,"column":156}},{"start":{"line":151,"column":159},"end":{"line":151,"column":189}}],"line":151},"62":{"loc":{"start":{"line":151,"column":56},"end":{"line":151,"column":147}},"type":"binary-expr","locations":[{"start":{"line":151,"column":56},"end":{"line":151,"column":111}},{"start":{"line":151,"column":115},"end":{"line":151,"column":147}}],"line":151},"63":{"loc":{"start":{"line":153,"column":2},"end":{"line":153,"column":69}},"type":"if","locations":[{"start":{"line":153,"column":2},"end":{"line":153,"column":69}},{"start":{},"end":{}}],"line":153},"64":{"loc":{"start":{"line":153,"column":8},"end":{"line":153,"column":51}},"type":"binary-expr","locations":[{"start":{"line":153,"column":8},"end":{"line":153,"column":20}},{"start":{"line":153,"column":24},"end":{"line":153,"column":38}},{"start":{"line":153,"column":42},"end":{"line":153,"column":51}}],"line":153},"65":{"loc":{"start":{"line":158,"column":4},"end":{"line":160,"column":5}},"type":"if","locations":[{"start":{"line":158,"column":4},"end":{"line":160,"column":5}},{"start":{},"end":{}}],"line":158},"66":{"loc":{"start":{"line":171,"column":21},"end":{"line":171,"column":84}},"type":"cond-expr","locations":[{"start":{"line":171,"column":56},"end":{"line":171,"column":60}},{"start":{"line":171,"column":63},"end":{"line":171,"column":84}}],"line":171},"67":{"loc":{"start":{"line":172,"column":21},"end":{"line":172,"column":45}},"type":"binary-expr","locations":[{"start":{"line":172,"column":21},"end":{"line":172,"column":35}},{"start":{"line":172,"column":39},"end":{"line":172,"column":45}}],"line":172},"68":{"loc":{"start":{"line":174,"column":2},"end":{"line":176,"column":3}},"type":"if","locations":[{"start":{"line":174,"column":2},"end":{"line":176,"column":3}},{"start":{},"end":{}}],"line":174},"69":{"loc":{"start":{"line":192,"column":14},"end":{"line":194,"column":18}},"type":"cond-expr","locations":[{"start":{"line":192,"column":97},"end":{"line":194,"column":4}},{"start":{"line":194,"column":7},"end":{"line":194,"column":18}}],"line":192},"70":{"loc":{"start":{"line":192,"column":14},"end":{"line":192,"column":94}},"type":"binary-expr","locations":[{"start":{"line":192,"column":14},"end":{"line":192,"column":32}},{"start":{"line":192,"column":36},"end":{"line":192,"column":56}},{"start":{"line":192,"column":60},"end":{"line":192,"column":78}},{"start":{"line":192,"column":82},"end":{"line":192,"column":94}}],"line":192},"71":{"loc":{"start":{"line":207,"column":70},"end":{"line":207,"column":166}},"type":"cond-expr","locations":[{"start":{"line":207,"column":129},"end":{"line":207,"column":135}},{"start":{"line":207,"column":138},"end":{"line":207,"column":166}}],"line":207},"72":{"loc":{"start":{"line":207,"column":70},"end":{"line":207,"column":126}},"type":"binary-expr","locations":[{"start":{"line":207,"column":70},"end":{"line":207,"column":95}},{"start":{"line":207,"column":99},"end":{"line":207,"column":126}}],"line":207},"73":{"loc":{"start":{"line":211,"column":6},"end":{"line":211,"column":212}},"type":"cond-expr","locations":[{"start":{"line":211,"column":65},"end":{"line":211,"column":71}},{"start":{"line":211,"column":74},"end":{"line":211,"column":212}}],"line":211},"74":{"loc":{"start":{"line":211,"column":6},"end":{"line":211,"column":62}},"type":"binary-expr","locations":[{"start":{"line":211,"column":6},"end":{"line":211,"column":31}},{"start":{"line":211,"column":35},"end":{"line":211,"column":62}}],"line":211},"75":{"loc":{"start":{"line":211,"column":74},"end":{"line":211,"column":212}},"type":"cond-expr","locations":[{"start":{"line":211,"column":176},"end":{"line":211,"column":182}},{"start":{"line":211,"column":185},"end":{"line":211,"column":212}}],"line":211},"76":{"loc":{"start":{"line":211,"column":74},"end":{"line":211,"column":173}},"type":"binary-expr","locations":[{"start":{"line":211,"column":74},"end":{"line":211,"column":137}},{"start":{"line":211,"column":141},"end":{"line":211,"column":173}}],"line":211},"77":{"loc":{"start":{"line":218,"column":20},"end":{"line":248,"column":11}},"type":"switch","locations":[{"start":{"line":219,"column":12},"end":{"line":236,"column":30}},{"start":{"line":237,"column":12},"end":{"line":242,"column":48}},{"start":{"line":243,"column":12},"end":{"line":244,"column":54}},{"start":{"line":245,"column":12},"end":{"line":245,"column":19}},{"start":{"line":246,"column":12},"end":{"line":247,"column":38}}],"line":218},"78":{"loc":{"start":{"line":238,"column":14},"end":{"line":241,"column":15}},"type":"if","locations":[{"start":{"line":238,"column":14},"end":{"line":241,"column":15}},{"start":{},"end":{}}],"line":238},"79":{"loc":{"start":{"line":253,"column":2},"end":{"line":258,"column":3}},"type":"if","locations":[{"start":{"line":253,"column":2},"end":{"line":258,"column":3}},{"start":{},"end":{}}],"line":253},"80":{"loc":{"start":{"line":259,"column":10},"end":{"line":259,"column":204}},"type":"binary-expr","locations":[{"start":{"line":259,"column":11},"end":{"line":259,"column":187}},{"start":{"line":259,"column":192},"end":{"line":259,"column":204}}],"line":259},"81":{"loc":{"start":{"line":259,"column":11},"end":{"line":259,"column":187}},"type":"cond-expr","locations":[{"start":{"line":259,"column":56},"end":{"line":259,"column":62}},{"start":{"line":259,"column":65},"end":{"line":259,"column":187}}],"line":259},"82":{"loc":{"start":{"line":259,"column":11},"end":{"line":259,"column":53}},"type":"binary-expr","locations":[{"start":{"line":259,"column":11},"end":{"line":259,"column":29}},{"start":{"line":259,"column":33},"end":{"line":259,"column":53}}],"line":259},"83":{"loc":{"start":{"line":259,"column":65},"end":{"line":259,"column":187}},"type":"cond-expr","locations":[{"start":{"line":259,"column":153},"end":{"line":259,"column":159}},{"start":{"line":259,"column":162},"end":{"line":259,"column":187}}],"line":259},"84":{"loc":{"start":{"line":259,"column":65},"end":{"line":259,"column":150}},"type":"binary-expr","locations":[{"start":{"line":259,"column":65},"end":{"line":259,"column":116}},{"start":{"line":259,"column":120},"end":{"line":259,"column":150}}],"line":259}},"s":{"0":1,"1":1,"2":1,"3":1,"4":1,"5":1,"6":1,"7":1,"8":1,"9":1,"10":1,"11":1,"12":1,"13":0,"14":1,"15":1,"16":1,"17":1,"18":1,"19":0,"20":1,"21":0,"22":1,"23":1,"24":0,"25":1,"26":1,"27":1,"28":35,"29":35,"30":35,"31":0,"32":35,"33":1,"34":1,"35":1,"36":1,"37":0,"38":0,"39":0,"40":0,"41":0,"42":0,"43":0,"44":0,"45":0,"46":0,"47":0,"48":0,"49":0,"50":1,"51":1,"52":1,"53":1,"54":1,"55":1,"56":1,"57":1,"58":1,"59":1,"60":1,"61":1,"62":1,"63":0,"64":0,"65":0,"66":0,"67":0,"68":0,"69":0,"70":0,"71":0,"72":0,"73":0,"74":0,"75":0,"76":0,"77":0,"78":0,"79":0,"80":0,"81":0,"82":0,"83":0,"84":0,"85":0,"86":0,"87":0,"88":0,"89":1,"90":1,"91":0,"92":0,"93":0,"94":0,"95":0,"96":0,"97":0,"98":0,"99":0,"100":0,"101":0,"102":0,"103":0,"104":0,"105":1,"106":1,"107":0,"108":0,"109":0,"110":0,"111":0,"112":0,"113":0,"114":0,"115":0,"116":0,"117":0,"118":0,"119":0,"120":1,"121":9,"122":9,"123":9,"124":9,"125":8,"126":8,"127":8,"128":8,"129":8,"130":4,"131":4,"132":4,"133":4,"134":4,"135":4,"136":4,"137":4,"138":4,"139":4,"140":4,"141":4,"142":4,"143":4,"144":3,"145":0,"146":4,"147":3,"148":1,"149":1,"150":1,"151":1,"152":1,"153":1,"154":1,"155":1,"156":1,"157":1,"158":0,"159":0,"160":0,"161":0,"162":0,"163":0,"164":4,"165":1,"166":3,"167":1},"f":{"0":1,"1":1,"2":1,"3":0,"4":0,"5":0,"6":0,"7":0,"8":0,"9":0,"10":0,"11":0,"12":0,"13":0,"14":0,"15":0,"16":0,"17":0,"18":0,"19":9,"20":3,"21":0,"22":3,"23":1,"24":1,"25":1},"b":{"0":[0,1],"1":[0,1],"2":[0,1],"3":[1,1,1],"4":[0,1],"5":[1,1,0],"6":[0,1],"7":[1,1],"8":[1,1],"9":[35,0],"10":[35,35],"11":[35,0],"12":[0,35],"13":[35,35,35],"14":[1,0],"15":[0,0],"16":[0,0],"17":[0,0],"18":[0,0],"19":[0,0],"20":[1,1],"21":[1,1],"22":[1,1],"23":[1,1],"24":[1,1],"25":[1,1],"26":[0,0],"27":[0,0],"28":[0,0],"29":[0,0,0,0],"30":[0,0],"31":[0,0],"32":[0,0],"33":[0,0],"34":[0,0],"35":[0,0],"36":[0,0],"37":[0,0],"38":[0,0],"39":[0,0],"40":[0,0],"41":[0,0],"42":[0,0],"43":[0,0],"44":[0,0],"45":[0,0],"46":[0,0],"47":[0,0],"48":[0,0],"49":[0,0],"50":[0,0],"51":[0,0],"52":[0,0,0],"53":[0,0],"54":[0,0],"55":[0,0],"56":[0,0],"57":[0,0,0,0],"58":[0,0],"59":[0,0],"60":[0,0],"61":[0,0],"62":[0,0],"63":[0,0],"64":[0,0,0],"65":[0,0],"66":[4,4],"67":[8,4],"68":[4,4],"69":[0,4],"70":[4,4,0,0],"71":[0,0],"72":[0,0],"73":[4,0],"74":[4,4],"75":[0,0],"76":[0,0],"77":[1,0,0,0,0],"78":[0,0],"79":[1,3],"80":[3,3],"81":[3,0],"82":[3,3],"83":[0,0],"84":[0,0]},"_coverageSchema":"1a1c01bbd47fc00a2c39e90264f33305004495a9","hash":"09ac07984ff73a9f3e2bac8ff73244edb8907260"}
,"C:\\Coding\\leap-v2\\react-client\\src\\index.ts": {"path":"C:\\Coding\\leap-v2\\react-client\\src\\index.ts","statementMap":{"0":{"start":{"line":6,"column":32},"end":{"line":31,"column":1}},"1":{"start":{"line":33,"column":28},"end":{"line":40,"column":1}},"2":{"start":{"line":42,"column":32},"end":{"line":66,"column":1}},"3":{"start":{"line":68,"column":25},"end":{"line":75,"column":1}},"4":{"start":{"line":77,"column":25},"end":{"line":86,"column":1}},"5":{"start":{"line":88,"column":29},"end":{"line":92,"column":1}},"6":{"start":{"line":114,"column":28},"end":{"line":209,"column":1}},"7":{"start":{"line":118,"column":21},"end":{"line":118,"column":28}},"8":{"start":{"line":119,"column":44},"end":{"line":121,"column":3}},"9":{"start":{"line":123,"column":4},"end":{"line":123,"column":31}},"10":{"start":{"line":124,"column":23},"end":{"line":124,"column":47}},"11":{"start":{"line":126,"column":2},"end":{"line":130,"column":3}},"12":{"start":{"line":127,"column":4},"end":{"line":129,"column":6}},"13":{"start":{"line":136,"column":6},"end":{"line":144,"column":4}},"14":{"start":{"line":156,"column":2},"end":{"line":179,"column":50}},"15":{"start":{"line":157,"column":4},"end":{"line":178,"column":9}},"16":{"start":{"line":158,"column":18},"end":{"line":164,"column":8}},"17":{"start":{"line":165,"column":6},"end":{"line":165,"column":75}},"18":{"start":{"line":166,"column":6},"end":{"line":177,"column":9}},"19":{"start":{"line":167,"column":8},"end":{"line":176,"column":11}},"20":{"start":{"line":170,"column":14},"end":{"line":173,"column":16}},"21":{"start":{"line":182,"column":2},"end":{"line":204,"column":3}},"22":{"start":{"line":184,"column":6},"end":{"line":184,"column":42}},"23":{"start":{"line":185,"column":4},"end":{"line":185,"column":46}},"24":{"start":{"line":186,"column":4},"end":{"line":186,"column":36}},"25":{"start":{"line":186,"column":21},"end":{"line":186,"column":36}},"26":{"start":{"line":187,"column":4},"end":{"line":202,"column":5}},"27":{"start":{"line":188,"column":6},"end":{"line":201,"column":7}},"28":{"start":{"line":189,"column":8},"end":{"line":200,"column":10}},"29":{"start":{"line":190,"column":27},"end":{"line":197,"column":12}},"30":{"start":{"line":199,"column":10},"end":{"line":199,"column":42}},"31":{"start":{"line":203,"column":4},"end":{"line":203,"column":19}},"32":{"start":{"line":206,"column":19},"end":{"line":206,"column":59}},"33":{"start":{"line":208,"column":2},"end":{"line":208,"column":49}},"34":{"start":{"line":211,"column":30},"end":{"line":303,"column":1}},"35":{"start":{"line":215,"column":33},"end":{"line":215,"column":40}},"36":{"start":{"line":216,"column":44},"end":{"line":218,"column":3}},"37":{"start":{"line":220,"column":23},"end":{"line":220,"column":47}},"38":{"start":{"line":221,"column":14},"end":{"line":221,"column":43}},"39":{"start":{"line":222,"column":2},"end":{"line":226,"column":3}},"40":{"start":{"line":223,"column":4},"end":{"line":225,"column":6}},"41":{"start":{"line":227,"column":48},"end":{"line":229,"column":3}},"42":{"start":{"line":235,"column":6},"end":{"line":243,"column":4}},"43":{"start":{"line":245,"column":2},"end":{"line":245,"column":45}},"44":{"start":{"line":247,"column":4},"end":{"line":249,"column":19}},"45":{"start":{"line":250,"column":37},"end":{"line":256,"column":4}},"46":{"start":{"line":258,"column":2},"end":{"line":266,"column":45}},"47":{"start":{"line":259,"column":4},"end":{"line":265,"column":7}},"48":{"start":{"line":262,"column":10},"end":{"line":262,"column":77}},"49":{"start":{"line":268,"column":19},"end":{"line":292,"column":32}},"50":{"start":{"line":269,"column":4},"end":{"line":291,"column":6}},"51":{"start":{"line":270,"column":6},"end":{"line":270,"column":32}},"52":{"start":{"line":271,"column":6},"end":{"line":290,"column":11}},"53":{"start":{"line":272,"column":8},"end":{"line":272,"column":28}},"54":{"start":{"line":273,"column":8},"end":{"line":273,"column":44}},"55":{"start":{"line":274,"column":25},"end":{"line":286,"column":10}},"56":{"start":{"line":287,"column":8},"end":{"line":287,"column":23}},"57":{"start":{"line":288,"column":8},"end":{"line":288,"column":47}},"58":{"start":{"line":288,"column":40},"end":{"line":288,"column":47}},"59":{"start":{"line":289,"column":8},"end":{"line":289,"column":48}},"60":{"start":{"line":294,"column":2},"end":{"line":296,"column":3}},"61":{"start":{"line":295,"column":4},"end":{"line":295,"column":59}},"62":{"start":{"line":298,"column":2},"end":{"line":302,"column":4}}},"fnMap":{"0":{"name":"(anonymous_0)","decl":{"start":{"line":114,"column":28},"end":{"line":114,"column":29}},"loc":{"start":{"line":117,"column":62},"end":{"line":209,"column":1}},"line":117},"1":{"name":"(anonymous_1)","decl":{"start":{"line":156,"column":12},"end":{"line":156,"column":13}},"loc":{"start":{"line":156,"column":18},"end":{"line":179,"column":3}},"line":156},"2":{"name":"(anonymous_2)","decl":{"start":{"line":157,"column":5},"end":{"line":157,"column":6}},"loc":{"start":{"line":157,"column":17},"end":{"line":178,"column":5}},"line":157},"3":{"name":"(anonymous_3)","decl":{"start":{"line":166,"column":20},"end":{"line":166,"column":21}},"loc":{"start":{"line":166,"column":42},"end":{"line":177,"column":7}},"line":166},"4":{"name":"(anonymous_4)","decl":{"start":{"line":169,"column":12},"end":{"line":169,"column":13}},"loc":{"start":{"line":169,"column":30},"end":{"line":174,"column":13}},"line":169},"5":{"name":"(anonymous_5)","decl":{"start":{"line":189,"column":29},"end":{"line":189,"column":30}},"loc":{"start":{"line":189,"column":48},"end":{"line":200,"column":9}},"line":189},"6":{"name":"(anonymous_6)","decl":{"start":{"line":211,"column":30},"end":{"line":211,"column":31}},"loc":{"start":{"line":214,"column":66},"end":{"line":303,"column":1}},"line":214},"7":{"name":"(anonymous_7)","decl":{"start":{"line":258,"column":12},"end":{"line":258,"column":13}},"loc":{"start":{"line":258,"column":18},"end":{"line":266,"column":3}},"line":258},"8":{"name":"(anonymous_8)","decl":{"start":{"line":261,"column":8},"end":{"line":261,"column":9}},"loc":{"start":{"line":261,"column":19},"end":{"line":263,"column":9}},"line":261},"9":{"name":"(anonymous_9)","decl":{"start":{"line":268,"column":27},"end":{"line":268,"column":28}},"loc":{"start":{"line":268,"column":33},"end":{"line":292,"column":3}},"line":268},"10":{"name":"(anonymous_10)","decl":{"start":{"line":269,"column":11},"end":{"line":269,"column":12}},"loc":{"start":{"line":269,"column":33},"end":{"line":291,"column":5}},"line":269},"11":{"name":"(anonymous_11)","decl":{"start":{"line":271,"column":7},"end":{"line":271,"column":8}},"loc":{"start":{"line":271,"column":19},"end":{"line":290,"column":7}},"line":271}},"branchMap":{"0":{"loc":{"start":{"line":119,"column":18},"end":{"line":119,"column":39}},"type":"default-arg","locations":[{"start":{"line":119,"column":35},"end":{"line":119,"column":39}}],"line":119},"1":{"loc":{"start":{"line":124,"column":23},"end":{"line":124,"column":47}},"type":"binary-expr","locations":[{"start":{"line":124,"column":23},"end":{"line":124,"column":29}},{"start":{"line":124,"column":33},"end":{"line":124,"column":47}}],"line":124},"2":{"loc":{"start":{"line":126,"column":2},"end":{"line":130,"column":3}},"type":"if","locations":[{"start":{"line":126,"column":2},"end":{"line":130,"column":3}},{"start":{},"end":{}}],"line":126},"3":{"loc":{"start":{"line":182,"column":2},"end":{"line":204,"column":3}},"type":"if","locations":[{"start":{"line":182,"column":2},"end":{"line":204,"column":3}},{"start":{},"end":{}}],"line":182},"4":{"loc":{"start":{"line":186,"column":4},"end":{"line":186,"column":36}},"type":"if","locations":[{"start":{"line":186,"column":4},"end":{"line":186,"column":36}},{"start":{},"end":{}}],"line":186},"5":{"loc":{"start":{"line":188,"column":6},"end":{"line":201,"column":7}},"type":"if","locations":[{"start":{"line":188,"column":6},"end":{"line":201,"column":7}},{"start":{},"end":{}}],"line":188},"6":{"loc":{"start":{"line":206,"column":19},"end":{"line":206,"column":59}},"type":"binary-expr","locations":[{"start":{"line":206,"column":19},"end":{"line":206,"column":24}},{"start":{"line":206,"column":28},"end":{"line":206,"column":59}}],"line":206},"7":{"loc":{"start":{"line":216,"column":18},"end":{"line":216,"column":39}},"type":"default-arg","locations":[{"start":{"line":216,"column":35},"end":{"line":216,"column":39}}],"line":216},"8":{"loc":{"start":{"line":220,"column":23},"end":{"line":220,"column":47}},"type":"binary-expr","locations":[{"start":{"line":220,"column":23},"end":{"line":220,"column":37}},{"start":{"line":220,"column":41},"end":{"line":220,"column":47}}],"line":220},"9":{"loc":{"start":{"line":222,"column":2},"end":{"line":226,"column":3}},"type":"if","locations":[{"start":{"line":222,"column":2},"end":{"line":226,"column":3}},{"start":{},"end":{}}],"line":222},"10":{"loc":{"start":{"line":247,"column":4},"end":{"line":249,"column":19}},"type":"cond-expr","locations":[{"start":{"line":248,"column":8},"end":{"line":248,"column":52}},{"start":{"line":249,"column":8},"end":{"line":249,"column":19}}],"line":247},"11":{"loc":{"start":{"line":247,"column":4},"end":{"line":247,"column":39}},"type":"binary-expr","locations":[{"start":{"line":247,"column":4},"end":{"line":247,"column":23}},{"start":{"line":247,"column":27},"end":{"line":247,"column":39}}],"line":247},"12":{"loc":{"start":{"line":288,"column":8},"end":{"line":288,"column":47}},"type":"if","locations":[{"start":{"line":288,"column":8},"end":{"line":288,"column":47}},{"start":{},"end":{}}],"line":288},"13":{"loc":{"start":{"line":294,"column":2},"end":{"line":296,"column":3}},"type":"if","locations":[{"start":{"line":294,"column":2},"end":{"line":296,"column":3}},{"start":{},"end":{}}],"line":294},"14":{"loc":{"start":{"line":299,"column":4},"end":{"line":299,"column":61}},"type":"binary-expr","locations":[{"start":{"line":299,"column":5},"end":{"line":299,"column":44}},{"start":{"line":299,"column":49},"end":{"line":299,"column":61}}],"line":299}},"s":{"0":1,"1":1,"2":1,"3":1,"4":1,"5":1,"6":1,"7":0,"8":0,"9":0,"10":0,"11":0,"12":0,"13":0,"14":0,"15":0,"16":0,"17":0,"18":0,"19":0,"20":0,"21":0,"22":0,"23":0,"24":0,"25":0,"26":0,"27":0,"28":0,"29":0,"30":0,"31":0,"32":0,"33":0,"34":1,"35":9,"36":9,"37":8,"38":8,"39":8,"40":4,"41":4,"42":4,"43":4,"44":4,"45":4,"46":4,"47":3,"48":0,"49":4,"50":3,"51":1,"52":1,"53":1,"54":1,"55":1,"56":1,"57":0,"58":0,"59":0,"60":4,"61":1,"62":3},"f":{"0":0,"1":0,"2":0,"3":0,"4":0,"5":0,"6":9,"7":3,"8":0,"9":3,"10":1,"11":1},"b":{"0":[0],"1":[0,0],"2":[0,0],"3":[0,0],"4":[0,0],"5":[0,0],"6":[0,0],"7":[4],"8":[8,4],"9":[4,4],"10":[0,4],"11":[4,0],"12":[0,0],"13":[1,3],"14":[3,3]},"_coverageSchema":"1a1c01bbd47fc00a2c39e90264f33305004495a9","hash":"d97d4b81a95b2b37f465cc1487e558e2e34b0267"}
}
