{"C:\\Coding\\leap-v2\\react-client\\dist\\index.js": {"path":"C:\\Coding\\leap-v2\\react-client\\dist\\index.js","statementMap":{"0":{"start":{"line":3,"column":29},"end":{"line":3,"column":84}},"1":{"start":{"line":4,"column":14},"end":{"line":4,"column":54}},"2":{"start":{"line":5,"column":0},"end":{"line":7,"column":3}},"3":{"start":{"line":8,"column":0},"end":{"line":8,"column":222}},"4":{"start":{"line":9,"column":19},"end":{"line":9,"column":80}},"5":{"start":{"line":10,"column":23},"end":{"line":10,"column":95}},"6":{"start":{"line":11,"column":25},"end":{"line":11,"column":99}},"7":{"start":{"line":12,"column":22},"end":{"line":12,"column":93}},"8":{"start":{"line":13,"column":30},"end":{"line":13,"column":109}},"9":{"start":{"line":14,"column":14},"end":{"line":14,"column":39}},"10":{"start":{"line":15,"column":13},"end":{"line":15,"column":44}},"11":{"start":{"line":16,"column":14},"end":{"line":16,"column":55}},"12":{"start":{"line":17,"column":12},"end":{"line":17,"column":27}},"13":{"start":{"line":19,"column":49},"end":{"line":19,"column":96}},"14":{"start":{"line":19,"column":84},"end":{"line":19,"column":96}},"15":{"start":{"line":19,"column":121},"end":{"line":19,"column":134}},"16":{"start":{"line":19,"column":159},"end":{"line":19,"column":172}},"17":{"start":{"line":19,"column":174},"end":{"line":19,"column":333}},"18":{"start":{"line":19,"column":258},"end":{"line":19,"column":316}},"19":{"start":{"line":20,"column":53},"end":{"line":20,"column":111}},"20":{"start":{"line":20,"column":98},"end":{"line":20,"column":109}},"21":{"start":{"line":20,"column":112},"end":{"line":20,"column":218}},"22":{"start":{"line":20,"column":190},"end":{"line":20,"column":216}},"23":{"start":{"line":20,"column":231},"end":{"line":20,"column":268}},"24":{"start":{"line":20,"column":270},"end":{"line":20,"column":325}},"25":{"start":{"line":20,"column":301},"end":{"line":20,"column":323}},"26":{"start":{"line":20,"column":339},"end":{"line":20,"column":341}},"27":{"start":{"line":20,"column":371},"end":{"line":20,"column":427}},"28":{"start":{"line":20,"column":429},"end":{"line":20,"column":730}},"29":{"start":{"line":20,"column":452},"end":{"line":20,"column":728}},"30":{"start":{"line":20,"column":538},"end":{"line":20,"column":610}},"31":{"start":{"line":20,"column":612},"end":{"line":20,"column":726}},"32":{"start":{"line":20,"column":650},"end":{"line":20,"column":691}},"33":{"start":{"line":20,"column":701},"end":{"line":20,"column":724}},"34":{"start":{"line":20,"column":731},"end":{"line":20,"column":755}},"35":{"start":{"line":20,"column":756},"end":{"line":20,"column":794}},"36":{"start":{"line":20,"column":769},"end":{"line":20,"column":792}},"37":{"start":{"line":20,"column":795},"end":{"line":20,"column":809}},"38":{"start":{"line":21,"column":54},"end":{"line":21,"column":73}},"39":{"start":{"line":21,"column":75},"end":{"line":21,"column":326}},"40":{"start":{"line":21,"column":125},"end":{"line":21,"column":161}},"41":{"start":{"line":21,"column":163},"end":{"line":21,"column":324}},"42":{"start":{"line":21,"column":224},"end":{"line":21,"column":287}},"43":{"start":{"line":21,"column":327},"end":{"line":21,"column":339}},"44":{"start":{"line":22,"column":33},"end":{"line":22,"column":506}},"45":{"start":{"line":22,"column":46},"end":{"line":22,"column":47}},"46":{"start":{"line":22,"column":91},"end":{"line":22,"column":131}},"47":{"start":{"line":22,"column":133},"end":{"line":22,"column":504}},"48":{"start":{"line":22,"column":194},"end":{"line":22,"column":253}},"49":{"start":{"line":22,"column":419},"end":{"line":22,"column":500}},"50":{"start":{"line":22,"column":507},"end":{"line":22,"column":521}},"51":{"start":{"line":23,"column":23},"end":{"line":23,"column":638}},"52":{"start":{"line":24,"column":0},"end":{"line":24,"column":44}},"53":{"start":{"line":25,"column":19},"end":{"line":25,"column":259}},"54":{"start":{"line":26,"column":0},"end":{"line":26,"column":36}},"55":{"start":{"line":27,"column":23},"end":{"line":27,"column":635}},"56":{"start":{"line":28,"column":0},"end":{"line":28,"column":44}},"57":{"start":{"line":29,"column":16},"end":{"line":29,"column":246}},"58":{"start":{"line":30,"column":0},"end":{"line":30,"column":30}},"59":{"start":{"line":31,"column":16},"end":{"line":31,"column":305}},"60":{"start":{"line":32,"column":0},"end":{"line":32,"column":30}},"61":{"start":{"line":33,"column":20},"end":{"line":33,"column":251}},"62":{"start":{"line":34,"column":0},"end":{"line":34,"column":38}},"63":{"start":{"line":35,"column":22},"end":{"line":62,"column":1}},"64":{"start":{"line":36,"column":18},"end":{"line":48,"column":6}},"65":{"start":{"line":37,"column":6},"end":{"line":47,"column":7}},"66":{"start":{"line":38,"column":19},"end":{"line":38,"column":51}},"67":{"start":{"line":39,"column":8},"end":{"line":42,"column":9}},"68":{"start":{"line":40,"column":10},"end":{"line":40,"column":66}},"69":{"start":{"line":41,"column":10},"end":{"line":41,"column":30}},"70":{"start":{"line":43,"column":8},"end":{"line":43,"column":32}},"71":{"start":{"line":45,"column":8},"end":{"line":45,"column":27}},"72":{"start":{"line":46,"column":8},"end":{"line":46,"column":28}},"73":{"start":{"line":49,"column":17},"end":{"line":49,"column":62}},"74":{"start":{"line":50,"column":18},"end":{"line":50,"column":31}},"75":{"start":{"line":51,"column":21},"end":{"line":51,"column":34}},"76":{"start":{"line":52,"column":17},"end":{"line":60,"column":3}},"77":{"start":{"line":53,"column":4},"end":{"line":59,"column":5}},"78":{"start":{"line":54,"column":25},"end":{"line":54,"column":79}},"79":{"start":{"line":55,"column":6},"end":{"line":55,"column":35}},"80":{"start":{"line":56,"column":6},"end":{"line":56,"column":69}},"81":{"start":{"line":58,"column":6},"end":{"line":58,"column":25}},"82":{"start":{"line":61,"column":2},"end":{"line":61,"column":33}},"83":{"start":{"line":63,"column":0},"end":{"line":63,"column":42}},"84":{"start":{"line":64,"column":19},"end":{"line":197,"column":1}},"85":{"start":{"line":66,"column":13},"end":{"line":66,"column":26}},"86":{"start":{"line":67,"column":13},"end":{"line":67,"column":24}},"87":{"start":{"line":68,"column":26},"end":{"line":68,"column":88}},"88":{"start":{"line":69,"column":28},"end":{"line":69,"column":52}},"89":{"start":{"line":70,"column":21},"end":{"line":70,"column":84}},"90":{"start":{"line":71,"column":19},"end":{"line":71,"column":46}},"91":{"start":{"line":72,"column":17},"end":{"line":72,"column":63}},"92":{"start":{"line":73,"column":25},"end":{"line":73,"column":38}},"93":{"start":{"line":74,"column":28},"end":{"line":74,"column":41}},"94":{"start":{"line":75,"column":21},"end":{"line":75,"column":45}},"95":{"start":{"line":76,"column":2},"end":{"line":78,"column":3}},"96":{"start":{"line":77,"column":4},"end":{"line":77,"column":126}},"97":{"start":{"line":79,"column":25},"end":{"line":79,"column":63}},"98":{"start":{"line":80,"column":24},"end":{"line":80,"column":76}},"99":{"start":{"line":81,"column":9},"end":{"line":81,"column":29}},"100":{"start":{"line":82,"column":18},"end":{"line":93,"column":6}},"101":{"start":{"line":94,"column":16},"end":{"line":94,"column":30}},"102":{"start":{"line":95,"column":12},"end":{"line":95,"column":27}},"103":{"start":{"line":96,"column":14},"end":{"line":96,"column":31}},"104":{"start":{"line":102,"column":2},"end":{"line":136,"column":315}},"105":{"start":{"line":103,"column":4},"end":{"line":135,"column":10}},"106":{"start":{"line":106,"column":6},"end":{"line":134,"column":18}},"107":{"start":{"line":107,"column":8},"end":{"line":133,"column":9}},"108":{"start":{"line":107,"column":18},"end":{"line":133,"column":9}},"109":{"start":{"line":109,"column":12},"end":{"line":109,"column":30}},"110":{"start":{"line":110,"column":12},"end":{"line":116,"column":15}},"111":{"start":{"line":118,"column":12},"end":{"line":118,"column":32}},"112":{"start":{"line":119,"column":12},"end":{"line":119,"column":346}},"113":{"start":{"line":120,"column":12},"end":{"line":129,"column":15}},"114":{"start":{"line":121,"column":14},"end":{"line":128,"column":17}},"115":{"start":{"line":125,"column":20},"end":{"line":125,"column":298}},"116":{"start":{"line":132,"column":12},"end":{"line":132,"column":35}},"117":{"start":{"line":137,"column":16},"end":{"line":137,"column":211}},"118":{"start":{"line":138,"column":2},"end":{"line":191,"column":3}},"119":{"start":{"line":140,"column":14},"end":{"line":140,"column":212}},"120":{"start":{"line":141,"column":4},"end":{"line":141,"column":46}},"121":{"start":{"line":142,"column":16},"end":{"line":187,"column":5}},"122":{"start":{"line":143,"column":31},"end":{"line":143,"column":86}},"123":{"start":{"line":144,"column":14},"end":{"line":144,"column":35}},"124":{"start":{"line":145,"column":14},"end":{"line":145,"column":35}},"125":{"start":{"line":146,"column":6},"end":{"line":186,"column":7}},"126":{"start":{"line":147,"column":8},"end":{"line":185,"column":12}},"127":{"start":{"line":152,"column":21},"end":{"line":152,"column":30}},"128":{"start":{"line":153,"column":10},"end":{"line":184,"column":39}},"129":{"start":{"line":154,"column":12},"end":{"line":183,"column":13}},"130":{"start":{"line":154,"column":22},"end":{"line":183,"column":13}},"131":{"start":{"line":156,"column":16},"end":{"line":156,"column":35}},"132":{"start":{"line":157,"column":16},"end":{"line":159,"column":17}},"133":{"start":{"line":158,"column":18},"end":{"line":158,"column":44}},"134":{"start":{"line":160,"column":16},"end":{"line":160,"column":35}},"135":{"start":{"line":161,"column":16},"end":{"line":168,"column":19}},"136":{"start":{"line":170,"column":16},"end":{"line":170,"column":42}},"137":{"start":{"line":171,"column":16},"end":{"line":171,"column":48}},"138":{"start":{"line":172,"column":16},"end":{"line":172,"column":36}},"139":{"start":{"line":173,"column":16},"end":{"line":173,"column":22}},"140":{"start":{"line":175,"column":16},"end":{"line":175,"column":35}},"141":{"start":{"line":176,"column":16},"end":{"line":176,"column":53}},"142":{"start":{"line":177,"column":16},"end":{"line":179,"column":19}},"143":{"start":{"line":182,"column":16},"end":{"line":182,"column":40}},"144":{"start":{"line":188,"column":4},"end":{"line":190,"column":5}},"145":{"start":{"line":188,"column":18},"end":{"line":188,"column":19}},"146":{"start":{"line":188,"column":39},"end":{"line":188,"column":64}},"147":{"start":{"line":189,"column":6},"end":{"line":189,"column":14}},"148":{"start":{"line":192,"column":17},"end":{"line":192,"column":232}},"149":{"start":{"line":193,"column":2},"end":{"line":196,"column":5}},"150":{"start":{"line":198,"column":0},"end":{"line":198,"column":36}},"151":{"start":{"line":199,"column":21},"end":{"line":306,"column":1}},"152":{"start":{"line":201,"column":12},"end":{"line":201,"column":23}},"153":{"start":{"line":202,"column":12},"end":{"line":202,"column":25}},"154":{"start":{"line":203,"column":13},"end":{"line":203,"column":27}},"155":{"start":{"line":204,"column":27},"end":{"line":204,"column":89}},"156":{"start":{"line":205,"column":28},"end":{"line":205,"column":53}},"157":{"start":{"line":206,"column":21},"end":{"line":206,"column":84}},"158":{"start":{"line":207,"column":21},"end":{"line":207,"column":45}},"159":{"start":{"line":208,"column":12},"end":{"line":208,"column":54}},"160":{"start":{"line":209,"column":2},"end":{"line":211,"column":3}},"161":{"start":{"line":210,"column":4},"end":{"line":210,"column":126}},"162":{"start":{"line":212,"column":19},"end":{"line":212,"column":46}},"163":{"start":{"line":213,"column":17},"end":{"line":213,"column":63}},"164":{"start":{"line":214,"column":22},"end":{"line":214,"column":35}},"165":{"start":{"line":215,"column":25},"end":{"line":215,"column":38}},"166":{"start":{"line":216,"column":26},"end":{"line":216,"column":64}},"167":{"start":{"line":217,"column":24},"end":{"line":217,"column":77}},"168":{"start":{"line":218,"column":9},"end":{"line":218,"column":29}},"169":{"start":{"line":219,"column":19},"end":{"line":230,"column":6}},"170":{"start":{"line":231,"column":16},"end":{"line":231,"column":31}},"171":{"start":{"line":232,"column":18},"end":{"line":232,"column":34}},"172":{"start":{"line":233,"column":14},"end":{"line":233,"column":32}},"173":{"start":{"line":234,"column":2},"end":{"line":234,"column":45}},"174":{"start":{"line":235,"column":14},"end":{"line":237,"column":18}},"175":{"start":{"line":238,"column":25},"end":{"line":244,"column":6}},"176":{"start":{"line":245,"column":23},"end":{"line":245,"column":44}},"177":{"start":{"line":246,"column":2},"end":{"line":254,"column":215}},"178":{"start":{"line":247,"column":4},"end":{"line":253,"column":7}},"179":{"start":{"line":250,"column":10},"end":{"line":250,"column":168}},"180":{"start":{"line":255,"column":17},"end":{"line":295,"column":32}},"181":{"start":{"line":256,"column":4},"end":{"line":294,"column":6}},"182":{"start":{"line":257,"column":6},"end":{"line":257,"column":32}},"183":{"start":{"line":258,"column":6},"end":{"line":293,"column":12}},"184":{"start":{"line":260,"column":8},"end":{"line":292,"column":21}},"185":{"start":{"line":261,"column":10},"end":{"line":291,"column":11}},"186":{"start":{"line":261,"column":20},"end":{"line":291,"column":11}},"187":{"start":{"line":263,"column":14},"end":{"line":263,"column":34}},"188":{"start":{"line":264,"column":14},"end":{"line":264,"column":50}},"189":{"start":{"line":265,"column":14},"end":{"line":277,"column":17}},"190":{"start":{"line":278,"column":14},"end":{"line":278,"column":33}},"191":{"start":{"line":279,"column":14},"end":{"line":279,"column":30}},"192":{"start":{"line":281,"column":14},"end":{"line":284,"column":15}},"193":{"start":{"line":282,"column":16},"end":{"line":282,"column":35}},"194":{"start":{"line":283,"column":16},"end":{"line":283,"column":22}},"195":{"start":{"line":285,"column":14},"end":{"line":285,"column":48}},"196":{"start":{"line":287,"column":14},"end":{"line":287,"column":54}},"197":{"start":{"line":290,"column":14},"end":{"line":290,"column":38}},"198":{"start":{"line":296,"column":2},"end":{"line":301,"column":3}},"199":{"start":{"line":297,"column":4},"end":{"line":300,"column":7}},"200":{"start":{"line":302,"column":2},"end":{"line":305,"column":5}},"201":{"start":{"line":307,"column":0},"end":{"line":307,"column":40}}},"fnMap":{"0":{"name":"_getRequireWildcardCache","decl":{"start":{"line":19,"column":9},"end":{"line":19,"column":33}},"loc":{"start":{"line":19,"column":47},"end":{"line":19,"column":335}},"line":19},"1":{"name":"_getRequireWildcardCache","decl":{"start":{"line":19,"column":218},"end":{"line":19,"column":242}},"loc":{"start":{"line":19,"column":256},"end":{"line":19,"column":318}},"line":19},"2":{"name":"_interopRequireWildcard","decl":{"start":{"line":20,"column":9},"end":{"line":20,"column":32}},"loc":{"start":{"line":20,"column":51},"end":{"line":20,"column":811}},"line":20},"3":{"name":"ownKeys","decl":{"start":{"line":21,"column":9},"end":{"line":21,"column":16}},"loc":{"start":{"line":21,"column":41},"end":{"line":21,"column":341}},"line":21},"4":{"name":"(anonymous_4)","decl":{"start":{"line":21,"column":207},"end":{"line":21,"column":208}},"loc":{"start":{"line":21,"column":222},"end":{"line":21,"column":289}},"line":21},"5":{"name":"_objectSpread","decl":{"start":{"line":22,"column":9},"end":{"line":22,"column":22}},"loc":{"start":{"line":22,"column":31},"end":{"line":22,"column":523}},"line":22},"6":{"name":"(anonymous_6)","decl":{"start":{"line":22,"column":177},"end":{"line":22,"column":178}},"loc":{"start":{"line":22,"column":192},"end":{"line":22,"column":255}},"line":22},"7":{"name":"(anonymous_7)","decl":{"start":{"line":22,"column":402},"end":{"line":22,"column":403}},"loc":{"start":{"line":22,"column":417},"end":{"line":22,"column":502}},"line":22},"8":{"name":"useLocalStorage","decl":{"start":{"line":35,"column":31},"end":{"line":35,"column":46}},"loc":{"start":{"line":35,"column":66},"end":{"line":62,"column":1}},"line":35},"9":{"name":"(anonymous_9)","decl":{"start":{"line":36,"column":40},"end":{"line":36,"column":41}},"loc":{"start":{"line":36,"column":52},"end":{"line":48,"column":5}},"line":36},"10":{"name":"setValue","decl":{"start":{"line":52,"column":26},"end":{"line":52,"column":34}},"loc":{"start":{"line":52,"column":42},"end":{"line":60,"column":3}},"line":52},"11":{"name":"useComponent","decl":{"start":{"line":64,"column":28},"end":{"line":64,"column":40}},"loc":{"start":{"line":64,"column":55},"end":{"line":197,"column":1}},"line":64},"12":{"name":"(anonymous_12)","decl":{"start":{"line":102,"column":25},"end":{"line":102,"column":26}},"loc":{"start":{"line":102,"column":37},"end":{"line":136,"column":3}},"line":102},"13":{"name":"_callee","decl":{"start":{"line":103,"column":91},"end":{"line":103,"column":98}},"loc":{"start":{"line":103,"column":101},"end":{"line":135,"column":5}},"line":103},"14":{"name":"_callee$","decl":{"start":{"line":106,"column":51},"end":{"line":106,"column":59}},"loc":{"start":{"line":106,"column":70},"end":{"line":134,"column":7}},"line":106},"15":{"name":"(anonymous_15)","decl":{"start":{"line":120,"column":26},"end":{"line":120,"column":27}},"loc":{"start":{"line":120,"column":54},"end":{"line":129,"column":13}},"line":120},"16":{"name":"renderComponent","decl":{"start":{"line":123,"column":44},"end":{"line":123,"column":59}},"loc":{"start":{"line":123,"column":62},"end":{"line":126,"column":19}},"line":123},"17":{"name":"_loop","decl":{"start":{"line":142,"column":25},"end":{"line":142,"column":30}},"loc":{"start":{"line":142,"column":33},"end":{"line":187,"column":5}},"line":142},"18":{"name":"_callee2","decl":{"start":{"line":147,"column":129},"end":{"line":147,"column":137}},"loc":{"start":{"line":147,"column":140},"end":{"line":185,"column":9}},"line":147},"19":{"name":"_callee2$","decl":{"start":{"line":153,"column":55},"end":{"line":153,"column":64}},"loc":{"start":{"line":153,"column":76},"end":{"line":184,"column":11}},"line":153},"20":{"name":"useServerState","decl":{"start":{"line":199,"column":30},"end":{"line":199,"column":44}},"loc":{"start":{"line":199,"column":68},"end":{"line":306,"column":1}},"line":199},"21":{"name":"(anonymous_21)","decl":{"start":{"line":246,"column":25},"end":{"line":246,"column":26}},"loc":{"start":{"line":246,"column":37},"end":{"line":254,"column":3}},"line":246},"22":{"name":"getState","decl":{"start":{"line":249,"column":27},"end":{"line":249,"column":35}},"loc":{"start":{"line":249,"column":38},"end":{"line":251,"column":9}},"line":249},"23":{"name":"(anonymous_23)","decl":{"start":{"line":255,"column":38},"end":{"line":255,"column":39}},"loc":{"start":{"line":255,"column":50},"end":{"line":295,"column":3}},"line":255},"24":{"name":"(anonymous_24)","decl":{"start":{"line":256,"column":11},"end":{"line":256,"column":12}},"loc":{"start":{"line":256,"column":28},"end":{"line":294,"column":5}},"line":256},"25":{"name":"_callee3","decl":{"start":{"line":258,"column":93},"end":{"line":258,"column":101}},"loc":{"start":{"line":258,"column":104},"end":{"line":293,"column":7}},"line":258},"26":{"name":"_callee3$","decl":{"start":{"line":260,"column":53},"end":{"line":260,"column":62}},"loc":{"start":{"line":260,"column":74},"end":{"line":292,"column":9}},"line":260}},"branchMap":{"0":{"loc":{"start":{"line":19,"column":49},"end":{"line":19,"column":96}},"type":"if","locations":[{"start":{"line":19,"column":49},"end":{"line":19,"column":96}},{"start":{},"end":{}}],"line":19},"1":{"loc":{"start":{"line":19,"column":265},"end":{"line":19,"column":315}},"type":"cond-expr","locations":[{"start":{"line":19,"column":279},"end":{"line":19,"column":295}},{"start":{"line":19,"column":298},"end":{"line":19,"column":315}}],"line":19},"2":{"loc":{"start":{"line":20,"column":53},"end":{"line":20,"column":111}},"type":"if","locations":[{"start":{"line":20,"column":53},"end":{"line":20,"column":111}},{"start":{},"end":{}}],"line":20},"3":{"loc":{"start":{"line":20,"column":57},"end":{"line":20,"column":94}},"type":"binary-expr","locations":[{"start":{"line":20,"column":57},"end":{"line":20,"column":69}},{"start":{"line":20,"column":73},"end":{"line":20,"column":76}},{"start":{"line":20,"column":80},"end":{"line":20,"column":94}}],"line":20},"4":{"loc":{"start":{"line":20,"column":112},"end":{"line":20,"column":218}},"type":"if","locations":[{"start":{"line":20,"column":112},"end":{"line":20,"column":218}},{"start":{},"end":{}}],"line":20},"5":{"loc":{"start":{"line":20,"column":116},"end":{"line":20,"column":186}},"type":"binary-expr","locations":[{"start":{"line":20,"column":116},"end":{"line":20,"column":128}},{"start":{"line":20,"column":132},"end":{"line":20,"column":157}},{"start":{"line":20,"column":161},"end":{"line":20,"column":186}}],"line":20},"6":{"loc":{"start":{"line":20,"column":270},"end":{"line":20,"column":325}},"type":"if","locations":[{"start":{"line":20,"column":270},"end":{"line":20,"column":325}},{"start":{},"end":{}}],"line":20},"7":{"loc":{"start":{"line":20,"column":274},"end":{"line":20,"column":297}},"type":"binary-expr","locations":[{"start":{"line":20,"column":274},"end":{"line":20,"column":279}},{"start":{"line":20,"column":283},"end":{"line":20,"column":297}}],"line":20},"8":{"loc":{"start":{"line":20,"column":371},"end":{"line":20,"column":427}},"type":"binary-expr","locations":[{"start":{"line":20,"column":371},"end":{"line":20,"column":392}},{"start":{"line":20,"column":396},"end":{"line":20,"column":427}}],"line":20},"9":{"loc":{"start":{"line":20,"column":452},"end":{"line":20,"column":728}},"type":"if","locations":[{"start":{"line":20,"column":452},"end":{"line":20,"column":728}},{"start":{},"end":{}}],"line":20},"10":{"loc":{"start":{"line":20,"column":456},"end":{"line":20,"column":523}},"type":"binary-expr","locations":[{"start":{"line":20,"column":456},"end":{"line":20,"column":473}},{"start":{"line":20,"column":477},"end":{"line":20,"column":523}}],"line":20},"11":{"loc":{"start":{"line":20,"column":538},"end":{"line":20,"column":610}},"type":"cond-expr","locations":[{"start":{"line":20,"column":562},"end":{"line":20,"column":603}},{"start":{"line":20,"column":606},"end":{"line":20,"column":610}}],"line":20},"12":{"loc":{"start":{"line":20,"column":612},"end":{"line":20,"column":726}},"type":"if","locations":[{"start":{"line":20,"column":612},"end":{"line":20,"column":726}},{"start":{"line":20,"column":699},"end":{"line":20,"column":726}}],"line":20},"13":{"loc":{"start":{"line":20,"column":616},"end":{"line":20,"column":646}},"type":"binary-expr","locations":[{"start":{"line":20,"column":616},"end":{"line":20,"column":620}},{"start":{"line":20,"column":625},"end":{"line":20,"column":633}},{"start":{"line":20,"column":637},"end":{"line":20,"column":645}}],"line":20},"14":{"loc":{"start":{"line":20,"column":756},"end":{"line":20,"column":794}},"type":"if","locations":[{"start":{"line":20,"column":756},"end":{"line":20,"column":794}},{"start":{},"end":{}}],"line":20},"15":{"loc":{"start":{"line":21,"column":75},"end":{"line":21,"column":326}},"type":"if","locations":[{"start":{"line":21,"column":75},"end":{"line":21,"column":326}},{"start":{},"end":{}}],"line":21},"16":{"loc":{"start":{"line":21,"column":163},"end":{"line":21,"column":291}},"type":"binary-expr","locations":[{"start":{"line":21,"column":163},"end":{"line":21,"column":177}},{"start":{"line":21,"column":182},"end":{"line":21,"column":290}}],"line":21},"17":{"loc":{"start":{"line":22,"column":91},"end":{"line":22,"column":131}},"type":"cond-expr","locations":[{"start":{"line":22,"column":114},"end":{"line":22,"column":126}},{"start":{"line":22,"column":129},"end":{"line":22,"column":131}}],"line":22},"18":{"loc":{"start":{"line":22,"column":133},"end":{"line":22,"column":503}},"type":"cond-expr","locations":[{"start":{"line":22,"column":141},"end":{"line":22,"column":256}},{"start":{"line":22,"column":259},"end":{"line":22,"column":503}}],"line":22},"19":{"loc":{"start":{"line":22,"column":259},"end":{"line":22,"column":503}},"type":"cond-expr","locations":[{"start":{"line":22,"column":294},"end":{"line":22,"column":367}},{"start":{"line":22,"column":370},"end":{"line":22,"column":503}}],"line":22},"20":{"loc":{"start":{"line":23,"column":40},"end":{"line":23,"column":637}},"type":"binary-expr","locations":[{"start":{"line":23,"column":40},"end":{"line":23,"column":55}},{"start":{"line":23,"column":60},"end":{"line":23,"column":636}}],"line":23},"21":{"loc":{"start":{"line":25,"column":36},"end":{"line":25,"column":258}},"type":"binary-expr","locations":[{"start":{"line":25,"column":36},"end":{"line":25,"column":52}},{"start":{"line":25,"column":57},"end":{"line":25,"column":257}}],"line":25},"22":{"loc":{"start":{"line":27,"column":40},"end":{"line":27,"column":634}},"type":"binary-expr","locations":[{"start":{"line":27,"column":40},"end":{"line":27,"column":56}},{"start":{"line":27,"column":61},"end":{"line":27,"column":633}}],"line":27},"23":{"loc":{"start":{"line":29,"column":33},"end":{"line":29,"column":245}},"type":"binary-expr","locations":[{"start":{"line":29,"column":33},"end":{"line":29,"column":49}},{"start":{"line":29,"column":54},"end":{"line":29,"column":244}}],"line":29},"24":{"loc":{"start":{"line":31,"column":33},"end":{"line":31,"column":304}},"type":"binary-expr","locations":[{"start":{"line":31,"column":33},"end":{"line":31,"column":49}},{"start":{"line":31,"column":54},"end":{"line":31,"column":303}}],"line":31},"25":{"loc":{"start":{"line":33,"column":37},"end":{"line":33,"column":250}},"type":"binary-expr","locations":[{"start":{"line":33,"column":37},"end":{"line":33,"column":53}},{"start":{"line":33,"column":58},"end":{"line":33,"column":249}}],"line":33},"26":{"loc":{"start":{"line":39,"column":8},"end":{"line":42,"column":9}},"type":"if","locations":[{"start":{"line":39,"column":8},"end":{"line":42,"column":9}},{"start":{},"end":{}}],"line":39},"27":{"loc":{"start":{"line":54,"column":25},"end":{"line":54,"column":79}},"type":"cond-expr","locations":[{"start":{"line":54,"column":53},"end":{"line":54,"column":71}},{"start":{"line":54,"column":74},"end":{"line":54,"column":79}}],"line":54},"28":{"loc":{"start":{"line":66,"column":13},"end":{"line":66,"column":26}},"type":"binary-expr","locations":[{"start":{"line":66,"column":13},"end":{"line":66,"column":20}},{"start":{"line":66,"column":24},"end":{"line":66,"column":26}}],"line":66},"29":{"loc":{"start":{"line":70,"column":21},"end":{"line":70,"column":84}},"type":"cond-expr","locations":[{"start":{"line":70,"column":56},"end":{"line":70,"column":60}},{"start":{"line":70,"column":63},"end":{"line":70,"column":84}}],"line":70},"30":{"loc":{"start":{"line":75,"column":21},"end":{"line":75,"column":45}},"type":"binary-expr","locations":[{"start":{"line":75,"column":21},"end":{"line":75,"column":27}},{"start":{"line":75,"column":31},"end":{"line":75,"column":45}}],"line":75},"31":{"loc":{"start":{"line":76,"column":2},"end":{"line":78,"column":3}},"type":"if","locations":[{"start":{"line":76,"column":2},"end":{"line":78,"column":3}},{"start":{},"end":{}}],"line":76},"32":{"loc":{"start":{"line":107,"column":18},"end":{"line":133,"column":9}},"type":"switch","locations":[{"start":{"line":108,"column":10},"end":{"line":116,"column":15}},{"start":{"line":117,"column":10},"end":{"line":129,"column":15}},{"start":{"line":130,"column":10},"end":{"line":130,"column":17}},{"start":{"line":131,"column":10},"end":{"line":132,"column":35}}],"line":107},"33":{"loc":{"start":{"line":113,"column":21},"end":{"line":113,"column":324}},"type":"cond-expr","locations":[{"start":{"line":113,"column":66},"end":{"line":113,"column":72}},{"start":{"line":113,"column":75},"end":{"line":113,"column":324}}],"line":113},"34":{"loc":{"start":{"line":113,"column":21},"end":{"line":113,"column":63}},"type":"binary-expr","locations":[{"start":{"line":113,"column":21},"end":{"line":113,"column":39}},{"start":{"line":113,"column":43},"end":{"line":113,"column":63}}],"line":113},"35":{"loc":{"start":{"line":113,"column":75},"end":{"line":113,"column":324}},"type":"cond-expr","locations":[{"start":{"line":113,"column":174},"end":{"line":113,"column":180}},{"start":{"line":113,"column":183},"end":{"line":113,"column":324}}],"line":113},"36":{"loc":{"start":{"line":113,"column":75},"end":{"line":113,"column":171}},"type":"binary-expr","locations":[{"start":{"line":113,"column":75},"end":{"line":113,"column":135}},{"start":{"line":113,"column":139},"end":{"line":113,"column":171}}],"line":113},"37":{"loc":{"start":{"line":113,"column":183},"end":{"line":113,"column":324}},"type":"cond-expr","locations":[{"start":{"line":113,"column":289},"end":{"line":113,"column":295}},{"start":{"line":113,"column":298},"end":{"line":113,"column":324}}],"line":113},"38":{"loc":{"start":{"line":113,"column":183},"end":{"line":113,"column":286}},"type":"binary-expr","locations":[{"start":{"line":113,"column":183},"end":{"line":113,"column":249}},{"start":{"line":113,"column":253},"end":{"line":113,"column":286}}],"line":113},"39":{"loc":{"start":{"line":119,"column":38},"end":{"line":119,"column":344}},"type":"cond-expr","locations":[{"start":{"line":119,"column":83},"end":{"line":119,"column":89}},{"start":{"line":119,"column":92},"end":{"line":119,"column":344}}],"line":119},"40":{"loc":{"start":{"line":119,"column":38},"end":{"line":119,"column":80}},"type":"binary-expr","locations":[{"start":{"line":119,"column":38},"end":{"line":119,"column":56}},{"start":{"line":119,"column":60},"end":{"line":119,"column":80}}],"line":119},"41":{"loc":{"start":{"line":119,"column":92},"end":{"line":119,"column":344}},"type":"cond-expr","locations":[{"start":{"line":119,"column":193},"end":{"line":119,"column":199}},{"start":{"line":119,"column":202},"end":{"line":119,"column":344}}],"line":119},"42":{"loc":{"start":{"line":119,"column":92},"end":{"line":119,"column":190}},"type":"binary-expr","locations":[{"start":{"line":119,"column":92},"end":{"line":119,"column":153}},{"start":{"line":119,"column":157},"end":{"line":119,"column":190}}],"line":119},"43":{"loc":{"start":{"line":119,"column":202},"end":{"line":119,"column":344}},"type":"cond-expr","locations":[{"start":{"line":119,"column":309},"end":{"line":119,"column":315}},{"start":{"line":119,"column":318},"end":{"line":119,"column":344}}],"line":119},"44":{"loc":{"start":{"line":119,"column":202},"end":{"line":119,"column":306}},"type":"binary-expr","locations":[{"start":{"line":119,"column":202},"end":{"line":119,"column":269}},{"start":{"line":119,"column":273},"end":{"line":119,"column":306}}],"line":119},"45":{"loc":{"start":{"line":125,"column":87},"end":{"line":125,"column":296}},"type":"cond-expr","locations":[{"start":{"line":125,"column":146},"end":{"line":125,"column":152}},{"start":{"line":125,"column":155},"end":{"line":125,"column":296}}],"line":125},"46":{"loc":{"start":{"line":125,"column":87},"end":{"line":125,"column":143}},"type":"binary-expr","locations":[{"start":{"line":125,"column":87},"end":{"line":125,"column":112}},{"start":{"line":125,"column":116},"end":{"line":125,"column":143}}],"line":125},"47":{"loc":{"start":{"line":125,"column":155},"end":{"line":125,"column":296}},"type":"cond-expr","locations":[{"start":{"line":125,"column":250},"end":{"line":125,"column":256}},{"start":{"line":125,"column":259},"end":{"line":125,"column":296}}],"line":125},"48":{"loc":{"start":{"line":125,"column":155},"end":{"line":125,"column":247}},"type":"binary-expr","locations":[{"start":{"line":125,"column":155},"end":{"line":125,"column":211}},{"start":{"line":125,"column":215},"end":{"line":125,"column":247}}],"line":125},"49":{"loc":{"start":{"line":136,"column":6},"end":{"line":136,"column":312}},"type":"cond-expr","locations":[{"start":{"line":136,"column":51},"end":{"line":136,"column":57}},{"start":{"line":136,"column":60},"end":{"line":136,"column":312}}],"line":136},"50":{"loc":{"start":{"line":136,"column":6},"end":{"line":136,"column":48}},"type":"binary-expr","locations":[{"start":{"line":136,"column":6},"end":{"line":136,"column":24}},{"start":{"line":136,"column":28},"end":{"line":136,"column":48}}],"line":136},"51":{"loc":{"start":{"line":136,"column":60},"end":{"line":136,"column":312}},"type":"cond-expr","locations":[{"start":{"line":136,"column":161},"end":{"line":136,"column":167}},{"start":{"line":136,"column":170},"end":{"line":136,"column":312}}],"line":136},"52":{"loc":{"start":{"line":136,"column":60},"end":{"line":136,"column":158}},"type":"binary-expr","locations":[{"start":{"line":136,"column":60},"end":{"line":136,"column":121}},{"start":{"line":136,"column":125},"end":{"line":136,"column":158}}],"line":136},"53":{"loc":{"start":{"line":136,"column":170},"end":{"line":136,"column":312}},"type":"cond-expr","locations":[{"start":{"line":136,"column":277},"end":{"line":136,"column":283}},{"start":{"line":136,"column":286},"end":{"line":136,"column":312}}],"line":136},"54":{"loc":{"start":{"line":136,"column":170},"end":{"line":136,"column":274}},"type":"binary-expr","locations":[{"start":{"line":136,"column":170},"end":{"line":136,"column":237}},{"start":{"line":136,"column":241},"end":{"line":136,"column":274}}],"line":136},"55":{"loc":{"start":{"line":137,"column":16},"end":{"line":137,"column":211}},"type":"cond-expr","locations":[{"start":{"line":137,"column":61},"end":{"line":137,"column":67}},{"start":{"line":137,"column":70},"end":{"line":137,"column":211}}],"line":137},"56":{"loc":{"start":{"line":137,"column":16},"end":{"line":137,"column":58}},"type":"binary-expr","locations":[{"start":{"line":137,"column":16},"end":{"line":137,"column":34}},{"start":{"line":137,"column":38},"end":{"line":137,"column":58}}],"line":137},"57":{"loc":{"start":{"line":137,"column":70},"end":{"line":137,"column":211}},"type":"cond-expr","locations":[{"start":{"line":137,"column":171},"end":{"line":137,"column":177}},{"start":{"line":137,"column":180},"end":{"line":137,"column":211}}],"line":137},"58":{"loc":{"start":{"line":137,"column":70},"end":{"line":137,"column":168}},"type":"binary-expr","locations":[{"start":{"line":137,"column":70},"end":{"line":137,"column":131}},{"start":{"line":137,"column":135},"end":{"line":137,"column":168}}],"line":137},"59":{"loc":{"start":{"line":138,"column":2},"end":{"line":191,"column":3}},"type":"if","locations":[{"start":{"line":138,"column":2},"end":{"line":191,"column":3}},{"start":{},"end":{}}],"line":138},"60":{"loc":{"start":{"line":138,"column":6},"end":{"line":138,"column":290}},"type":"binary-expr","locations":[{"start":{"line":138,"column":6},"end":{"line":138,"column":24}},{"start":{"line":138,"column":28},"end":{"line":138,"column":48}},{"start":{"line":138,"column":52},"end":{"line":138,"column":113}},{"start":{"line":138,"column":117},"end":{"line":138,"column":150}},{"start":{"line":138,"column":154},"end":{"line":138,"column":221}},{"start":{"line":138,"column":225},"end":{"line":138,"column":258}},{"start":{"line":138,"column":262},"end":{"line":138,"column":290}}],"line":138},"61":{"loc":{"start":{"line":140,"column":14},"end":{"line":140,"column":212}},"type":"cond-expr","locations":[{"start":{"line":140,"column":59},"end":{"line":140,"column":65}},{"start":{"line":140,"column":68},"end":{"line":140,"column":212}}],"line":140},"62":{"loc":{"start":{"line":140,"column":14},"end":{"line":140,"column":56}},"type":"binary-expr","locations":[{"start":{"line":140,"column":14},"end":{"line":140,"column":32}},{"start":{"line":140,"column":36},"end":{"line":140,"column":56}}],"line":140},"63":{"loc":{"start":{"line":140,"column":68},"end":{"line":140,"column":212}},"type":"cond-expr","locations":[{"start":{"line":140,"column":171},"end":{"line":140,"column":177}},{"start":{"line":140,"column":180},"end":{"line":140,"column":212}}],"line":140},"64":{"loc":{"start":{"line":140,"column":68},"end":{"line":140,"column":168}},"type":"binary-expr","locations":[{"start":{"line":140,"column":68},"end":{"line":140,"column":130}},{"start":{"line":140,"column":134},"end":{"line":140,"column":168}}],"line":140},"65":{"loc":{"start":{"line":146,"column":6},"end":{"line":186,"column":7}},"type":"if","locations":[{"start":{"line":146,"column":6},"end":{"line":186,"column":7}},{"start":{},"end":{}}],"line":146},"66":{"loc":{"start":{"line":154,"column":22},"end":{"line":183,"column":13}},"type":"switch","locations":[{"start":{"line":155,"column":14},"end":{"line":168,"column":19}},{"start":{"line":169,"column":14},"end":{"line":173,"column":22}},{"start":{"line":174,"column":14},"end":{"line":179,"column":19}},{"start":{"line":180,"column":14},"end":{"line":180,"column":22}},{"start":{"line":181,"column":14},"end":{"line":182,"column":40}}],"line":154},"67":{"loc":{"start":{"line":192,"column":17},"end":{"line":192,"column":232}},"type":"binary-expr","locations":[{"start":{"line":192,"column":17},"end":{"line":192,"column":22}},{"start":{"line":192,"column":27},"end":{"line":192,"column":231}}],"line":192},"68":{"loc":{"start":{"line":192,"column":27},"end":{"line":192,"column":231}},"type":"cond-expr","locations":[{"start":{"line":192,"column":90},"end":{"line":192,"column":96}},{"start":{"line":192,"column":99},"end":{"line":192,"column":231}}],"line":192},"69":{"loc":{"start":{"line":192,"column":27},"end":{"line":192,"column":87}},"type":"binary-expr","locations":[{"start":{"line":192,"column":27},"end":{"line":192,"column":54}},{"start":{"line":192,"column":58},"end":{"line":192,"column":87}}],"line":192},"70":{"loc":{"start":{"line":192,"column":99},"end":{"line":192,"column":231}},"type":"cond-expr","locations":[{"start":{"line":192,"column":198},"end":{"line":192,"column":204}},{"start":{"line":192,"column":207},"end":{"line":192,"column":231}}],"line":192},"71":{"loc":{"start":{"line":192,"column":99},"end":{"line":192,"column":195}},"type":"binary-expr","locations":[{"start":{"line":192,"column":99},"end":{"line":192,"column":159}},{"start":{"line":192,"column":163},"end":{"line":192,"column":195}}],"line":192},"72":{"loc":{"start":{"line":206,"column":21},"end":{"line":206,"column":84}},"type":"cond-expr","locations":[{"start":{"line":206,"column":56},"end":{"line":206,"column":60}},{"start":{"line":206,"column":63},"end":{"line":206,"column":84}}],"line":206},"73":{"loc":{"start":{"line":207,"column":21},"end":{"line":207,"column":45}},"type":"binary-expr","locations":[{"start":{"line":207,"column":21},"end":{"line":207,"column":35}},{"start":{"line":207,"column":39},"end":{"line":207,"column":45}}],"line":207},"74":{"loc":{"start":{"line":209,"column":2},"end":{"line":211,"column":3}},"type":"if","locations":[{"start":{"line":209,"column":2},"end":{"line":211,"column":3}},{"start":{},"end":{}}],"line":209},"75":{"loc":{"start":{"line":235,"column":14},"end":{"line":237,"column":18}},"type":"cond-expr","locations":[{"start":{"line":235,"column":97},"end":{"line":237,"column":4}},{"start":{"line":237,"column":7},"end":{"line":237,"column":18}}],"line":235},"76":{"loc":{"start":{"line":235,"column":14},"end":{"line":235,"column":94}},"type":"binary-expr","locations":[{"start":{"line":235,"column":14},"end":{"line":235,"column":32}},{"start":{"line":235,"column":36},"end":{"line":235,"column":56}},{"start":{"line":235,"column":60},"end":{"line":235,"column":78}},{"start":{"line":235,"column":82},"end":{"line":235,"column":94}}],"line":235},"77":{"loc":{"start":{"line":250,"column":70},"end":{"line":250,"column":166}},"type":"cond-expr","locations":[{"start":{"line":250,"column":129},"end":{"line":250,"column":135}},{"start":{"line":250,"column":138},"end":{"line":250,"column":166}}],"line":250},"78":{"loc":{"start":{"line":250,"column":70},"end":{"line":250,"column":126}},"type":"binary-expr","locations":[{"start":{"line":250,"column":70},"end":{"line":250,"column":95}},{"start":{"line":250,"column":99},"end":{"line":250,"column":126}}],"line":250},"79":{"loc":{"start":{"line":254,"column":6},"end":{"line":254,"column":212}},"type":"cond-expr","locations":[{"start":{"line":254,"column":65},"end":{"line":254,"column":71}},{"start":{"line":254,"column":74},"end":{"line":254,"column":212}}],"line":254},"80":{"loc":{"start":{"line":254,"column":6},"end":{"line":254,"column":62}},"type":"binary-expr","locations":[{"start":{"line":254,"column":6},"end":{"line":254,"column":31}},{"start":{"line":254,"column":35},"end":{"line":254,"column":62}}],"line":254},"81":{"loc":{"start":{"line":254,"column":74},"end":{"line":254,"column":212}},"type":"cond-expr","locations":[{"start":{"line":254,"column":176},"end":{"line":254,"column":182}},{"start":{"line":254,"column":185},"end":{"line":254,"column":212}}],"line":254},"82":{"loc":{"start":{"line":254,"column":74},"end":{"line":254,"column":173}},"type":"binary-expr","locations":[{"start":{"line":254,"column":74},"end":{"line":254,"column":137}},{"start":{"line":254,"column":141},"end":{"line":254,"column":173}}],"line":254},"83":{"loc":{"start":{"line":261,"column":20},"end":{"line":291,"column":11}},"type":"switch","locations":[{"start":{"line":262,"column":12},"end":{"line":279,"column":30}},{"start":{"line":280,"column":12},"end":{"line":285,"column":48}},{"start":{"line":286,"column":12},"end":{"line":287,"column":54}},{"start":{"line":288,"column":12},"end":{"line":288,"column":19}},{"start":{"line":289,"column":12},"end":{"line":290,"column":38}}],"line":261},"84":{"loc":{"start":{"line":281,"column":14},"end":{"line":284,"column":15}},"type":"if","locations":[{"start":{"line":281,"column":14},"end":{"line":284,"column":15}},{"start":{},"end":{}}],"line":281},"85":{"loc":{"start":{"line":296,"column":2},"end":{"line":301,"column":3}},"type":"if","locations":[{"start":{"line":296,"column":2},"end":{"line":301,"column":3}},{"start":{},"end":{}}],"line":296},"86":{"loc":{"start":{"line":302,"column":10},"end":{"line":302,"column":204}},"type":"binary-expr","locations":[{"start":{"line":302,"column":11},"end":{"line":302,"column":187}},{"start":{"line":302,"column":192},"end":{"line":302,"column":204}}],"line":302},"87":{"loc":{"start":{"line":302,"column":11},"end":{"line":302,"column":187}},"type":"cond-expr","locations":[{"start":{"line":302,"column":56},"end":{"line":302,"column":62}},{"start":{"line":302,"column":65},"end":{"line":302,"column":187}}],"line":302},"88":{"loc":{"start":{"line":302,"column":11},"end":{"line":302,"column":53}},"type":"binary-expr","locations":[{"start":{"line":302,"column":11},"end":{"line":302,"column":29}},{"start":{"line":302,"column":33},"end":{"line":302,"column":53}}],"line":302},"89":{"loc":{"start":{"line":302,"column":65},"end":{"line":302,"column":187}},"type":"cond-expr","locations":[{"start":{"line":302,"column":153},"end":{"line":302,"column":159}},{"start":{"line":302,"column":162},"end":{"line":302,"column":187}}],"line":302},"90":{"loc":{"start":{"line":302,"column":65},"end":{"line":302,"column":150}},"type":"binary-expr","locations":[{"start":{"line":302,"column":65},"end":{"line":302,"column":116}},{"start":{"line":302,"column":120},"end":{"line":302,"column":150}}],"line":302}},"s":{"0":1,"1":1,"2":1,"3":1,"4":1,"5":1,"6":1,"7":1,"8":1,"9":1,"10":1,"11":1,"12":1,"13":1,"14":0,"15":1,"16":1,"17":1,"18":1,"19":1,"20":0,"21":1,"22":0,"23":1,"24":1,"25":0,"26":1,"27":1,"28":1,"29":35,"30":35,"31":35,"32":0,"33":35,"34":1,"35":1,"36":1,"37":1,"38":0,"39":0,"40":0,"41":0,"42":0,"43":0,"44":0,"45":0,"46":0,"47":0,"48":0,"49":0,"50":0,"51":1,"52":1,"53":1,"54":1,"55":1,"56":1,"57":1,"58":1,"59":1,"60":1,"61":1,"62":1,"63":1,"64":4,"65":3,"66":3,"67":3,"68":1,"69":1,"70":2,"71":0,"72":0,"73":4,"74":4,"75":4,"76":4,"77":0,"78":0,"79":0,"80":0,"81":0,"82":4,"83":1,"84":1,"85":0,"86":0,"87":0,"88":0,"89":0,"90":0,"91":0,"92":0,"93":0,"94":0,"95":0,"96":0,"97":0,"98":0,"99":0,"100":0,"101":0,"102":0,"103":0,"104":0,"105":0,"106":0,"107":0,"108":0,"109":0,"110":0,"111":0,"112":0,"113":0,"114":0,"115":0,"116":0,"117":0,"118":0,"119":0,"120":0,"121":0,"122":0,"123":0,"124":0,"125":0,"126":0,"127":0,"128":0,"129":0,"130":0,"131":0,"132":0,"133":0,"134":0,"135":0,"136":0,"137":0,"138":0,"139":0,"140":0,"141":0,"142":0,"143":0,"144":0,"145":0,"146":0,"147":0,"148":0,"149":0,"150":1,"151":1,"152":9,"153":9,"154":9,"155":9,"156":8,"157":8,"158":8,"159":8,"160":8,"161":4,"162":4,"163":4,"164":4,"165":4,"166":4,"167":4,"168":4,"169":4,"170":4,"171":4,"172":4,"173":4,"174":4,"175":4,"176":4,"177":4,"178":3,"179":0,"180":4,"181":3,"182":1,"183":1,"184":1,"185":1,"186":1,"187":1,"188":1,"189":1,"190":1,"191":1,"192":0,"193":0,"194":0,"195":0,"196":0,"197":0,"198":4,"199":1,"200":3,"201":1},"f":{"0":1,"1":1,"2":1,"3":0,"4":0,"5":0,"6":0,"7":0,"8":4,"9":3,"10":0,"11":0,"12":0,"13":0,"14":0,"15":0,"16":0,"17":0,"18":0,"19":0,"20":9,"21":3,"22":0,"23":3,"24":1,"25":1,"26":1},"b":{"0":[0,1],"1":[0,1],"2":[0,1],"3":[1,1,1],"4":[0,1],"5":[1,1,0],"6":[0,1],"7":[1,1],"8":[1,1],"9":[35,0],"10":[35,35],"11":[35,0],"12":[0,35],"13":[35,35,35],"14":[1,0],"15":[0,0],"16":[0,0],"17":[0,0],"18":[0,0],"19":[0,0],"20":[1,1],"21":[1,1],"22":[1,1],"23":[1,1],"24":[1,1],"25":[1,1],"26":[1,2],"27":[0,0],"28":[0,0],"29":[0,0],"30":[0,0],"31":[0,0],"32":[0,0,0,0],"33":[0,0],"34":[0,0],"35":[0,0],"36":[0,0],"37":[0,0],"38":[0,0],"39":[0,0],"40":[0,0],"41":[0,0],"42":[0,0],"43":[0,0],"44":[0,0],"45":[0,0],"46":[0,0],"47":[0,0],"48":[0,0],"49":[0,0],"50":[0,0],"51":[0,0],"52":[0,0],"53":[0,0],"54":[0,0],"55":[0,0],"56":[0,0],"57":[0,0],"58":[0,0],"59":[0,0],"60":[0,0,0,0,0,0,0],"61":[0,0],"62":[0,0],"63":[0,0],"64":[0,0],"65":[0,0],"66":[0,0,0,0,0],"67":[0,0],"68":[0,0],"69":[0,0],"70":[0,0],"71":[0,0],"72":[4,4],"73":[8,4],"74":[4,4],"75":[0,4],"76":[4,4,0,0],"77":[0,0],"78":[0,0],"79":[4,0],"80":[4,4],"81":[0,0],"82":[0,0],"83":[1,0,0,0,0],"84":[0,0],"85":[1,3],"86":[3,3],"87":[3,0],"88":[3,3],"89":[0,0],"90":[0,0]},"_coverageSchema":"1a1c01bbd47fc00a2c39e90264f33305004495a9","hash":"84559e29239cd8c49edec7d845712b74df4ad44f"}
,"C:\\Coding\\leap-v2\\react-client\\src\\index.ts": {"path":"C:\\Coding\\leap-v2\\react-client\\src\\index.ts","statementMap":{"0":{"start":{"line":7,"column":32},"end":{"line":32,"column":1}},"1":{"start":{"line":34,"column":28},"end":{"line":41,"column":1}},"2":{"start":{"line":43,"column":32},"end":{"line":67,"column":1}},"3":{"start":{"line":69,"column":25},"end":{"line":76,"column":1}},"4":{"start":{"line":78,"column":25},"end":{"line":87,"column":1}},"5":{"start":{"line":89,"column":29},"end":{"line":93,"column":1}},"6":{"start":{"line":113,"column":31},"end":{"line":140,"column":1}},"7":{"start":{"line":114,"column":40},"end":{"line":126,"column":4}},"8":{"start":{"line":115,"column":4},"end":{"line":125,"column":5}},"9":{"start":{"line":116,"column":19},"end":{"line":116,"column":51}},"10":{"start":{"line":117,"column":6},"end":{"line":120,"column":7}},"11":{"start":{"line":118,"column":8},"end":{"line":118,"column":64}},"12":{"start":{"line":119,"column":8},"end":{"line":119,"column":28}},"13":{"start":{"line":121,"column":6},"end":{"line":121,"column":30}},"14":{"start":{"line":123,"column":6},"end":{"line":123,"column":25}},"15":{"start":{"line":124,"column":6},"end":{"line":124,"column":26}},"16":{"start":{"line":128,"column":19},"end":{"line":137,"column":3}},"17":{"start":{"line":129,"column":4},"end":{"line":136,"column":5}},"18":{"start":{"line":131,"column":8},"end":{"line":131,"column":62}},"19":{"start":{"line":132,"column":6},"end":{"line":132,"column":35}},"20":{"start":{"line":133,"column":6},"end":{"line":133,"column":69}},"21":{"start":{"line":135,"column":6},"end":{"line":135,"column":25}},"22":{"start":{"line":139,"column":2},"end":{"line":139,"column":33}},"23":{"start":{"line":142,"column":28},"end":{"line":218,"column":1}},"24":{"start":{"line":146,"column":21},"end":{"line":146,"column":34}},"25":{"start":{"line":147,"column":44},"end":{"line":149,"column":3}},"26":{"start":{"line":151,"column":4},"end":{"line":151,"column":31}},"27":{"start":{"line":152,"column":23},"end":{"line":152,"column":47}},"28":{"start":{"line":154,"column":2},"end":{"line":158,"column":3}},"29":{"start":{"line":155,"column":4},"end":{"line":157,"column":6}},"30":{"start":{"line":159,"column":15},"end":{"line":159,"column":42}},"31":{"start":{"line":165,"column":6},"end":{"line":178,"column":4}},"32":{"start":{"line":184,"column":2},"end":{"line":207,"column":50}},"33":{"start":{"line":185,"column":4},"end":{"line":206,"column":9}},"34":{"start":{"line":186,"column":18},"end":{"line":192,"column":8}},"35":{"start":{"line":193,"column":6},"end":{"line":193,"column":75}},"36":{"start":{"line":194,"column":6},"end":{"line":205,"column":9}},"37":{"start":{"line":195,"column":8},"end":{"line":204,"column":11}},"38":{"start":{"line":198,"column":14},"end":{"line":201,"column":16}},"39":{"start":{"line":209,"column":18},"end":{"line":213,"column":4}},"40":{"start":{"line":215,"column":19},"end":{"line":215,"column":59}},"41":{"start":{"line":217,"column":2},"end":{"line":217,"column":49}},"42":{"start":{"line":220,"column":15},"end":{"line":255,"column":1}},"43":{"start":{"line":221,"column":16},"end":{"line":221,"column":20}},"44":{"start":{"line":222,"column":2},"end":{"line":253,"column":3}},"45":{"start":{"line":223,"column":4},"end":{"line":223,"column":47}},"46":{"start":{"line":225,"column":4},"end":{"line":243,"column":5}},"47":{"start":{"line":226,"column":6},"end":{"line":242,"column":7}},"48":{"start":{"line":227,"column":8},"end":{"line":241,"column":10}},"49":{"start":{"line":228,"column":10},"end":{"line":240,"column":11}},"50":{"start":{"line":229,"column":29},"end":{"line":236,"column":14}},"51":{"start":{"line":237,"column":12},"end":{"line":237,"column":44}},"52":{"start":{"line":239,"column":12},"end":{"line":239,"column":51}},"53":{"start":{"line":245,"column":21},"end":{"line":245,"column":43}},"54":{"start":{"line":246,"column":4},"end":{"line":252,"column":5}},"55":{"start":{"line":246,"column":17},"end":{"line":246,"column":18}},"56":{"start":{"line":247,"column":6},"end":{"line":251,"column":9}},"57":{"start":{"line":254,"column":2},"end":{"line":254,"column":17}},"58":{"start":{"line":257,"column":30},"end":{"line":355,"column":1}},"59":{"start":{"line":261,"column":33},"end":{"line":261,"column":40}},"60":{"start":{"line":262,"column":44},"end":{"line":264,"column":3}},"61":{"start":{"line":266,"column":23},"end":{"line":266,"column":47}},"62":{"start":{"line":267,"column":14},"end":{"line":267,"column":43}},"63":{"start":{"line":268,"column":2},"end":{"line":272,"column":3}},"64":{"start":{"line":269,"column":4},"end":{"line":271,"column":6}},"65":{"start":{"line":273,"column":48},"end":{"line":275,"column":3}},"66":{"start":{"line":276,"column":15},"end":{"line":276,"column":42}},"67":{"start":{"line":282,"column":6},"end":{"line":295,"column":4}},"68":{"start":{"line":297,"column":2},"end":{"line":297,"column":45}},"69":{"start":{"line":299,"column":4},"end":{"line":301,"column":19}},"70":{"start":{"line":302,"column":37},"end":{"line":308,"column":4}},"71":{"start":{"line":310,"column":2},"end":{"line":318,"column":45}},"72":{"start":{"line":311,"column":4},"end":{"line":317,"column":7}},"73":{"start":{"line":314,"column":10},"end":{"line":314,"column":77}},"74":{"start":{"line":320,"column":19},"end":{"line":344,"column":32}},"75":{"start":{"line":321,"column":4},"end":{"line":343,"column":6}},"76":{"start":{"line":322,"column":6},"end":{"line":322,"column":32}},"77":{"start":{"line":323,"column":6},"end":{"line":342,"column":11}},"78":{"start":{"line":324,"column":8},"end":{"line":324,"column":28}},"79":{"start":{"line":325,"column":8},"end":{"line":325,"column":44}},"80":{"start":{"line":326,"column":25},"end":{"line":338,"column":10}},"81":{"start":{"line":339,"column":8},"end":{"line":339,"column":23}},"82":{"start":{"line":340,"column":8},"end":{"line":340,"column":47}},"83":{"start":{"line":340,"column":40},"end":{"line":340,"column":47}},"84":{"start":{"line":341,"column":8},"end":{"line":341,"column":48}},"85":{"start":{"line":346,"column":2},"end":{"line":348,"column":3}},"86":{"start":{"line":347,"column":4},"end":{"line":347,"column":59}},"87":{"start":{"line":350,"column":2},"end":{"line":354,"column":4}}},"fnMap":{"0":{"name":"(anonymous_0)","decl":{"start":{"line":113,"column":31},"end":{"line":113,"column":32}},"loc":{"start":{"line":113,"column":67},"end":{"line":140,"column":1}},"line":113},"1":{"name":"(anonymous_1)","decl":{"start":{"line":114,"column":49},"end":{"line":114,"column":50}},"loc":{"start":{"line":114,"column":55},"end":{"line":126,"column":3}},"line":114},"2":{"name":"(anonymous_2)","decl":{"start":{"line":128,"column":19},"end":{"line":128,"column":20}},"loc":{"start":{"line":128,"column":35},"end":{"line":137,"column":3}},"line":128},"3":{"name":"(anonymous_3)","decl":{"start":{"line":142,"column":28},"end":{"line":142,"column":29}},"loc":{"start":{"line":145,"column":62},"end":{"line":218,"column":1}},"line":145},"4":{"name":"(anonymous_4)","decl":{"start":{"line":184,"column":12},"end":{"line":184,"column":13}},"loc":{"start":{"line":184,"column":18},"end":{"line":207,"column":3}},"line":184},"5":{"name":"(anonymous_5)","decl":{"start":{"line":185,"column":5},"end":{"line":185,"column":6}},"loc":{"start":{"line":185,"column":17},"end":{"line":206,"column":5}},"line":185},"6":{"name":"(anonymous_6)","decl":{"start":{"line":194,"column":20},"end":{"line":194,"column":21}},"loc":{"start":{"line":194,"column":42},"end":{"line":205,"column":7}},"line":194},"7":{"name":"(anonymous_7)","decl":{"start":{"line":197,"column":12},"end":{"line":197,"column":13}},"loc":{"start":{"line":197,"column":30},"end":{"line":202,"column":13}},"line":197},"8":{"name":"(anonymous_8)","decl":{"start":{"line":220,"column":15},"end":{"line":220,"column":16}},"loc":{"start":{"line":220,"column":66},"end":{"line":255,"column":1}},"line":220},"9":{"name":"(anonymous_9)","decl":{"start":{"line":227,"column":29},"end":{"line":227,"column":30}},"loc":{"start":{"line":227,"column":48},"end":{"line":241,"column":9}},"line":227},"10":{"name":"(anonymous_10)","decl":{"start":{"line":257,"column":30},"end":{"line":257,"column":31}},"loc":{"start":{"line":260,"column":66},"end":{"line":355,"column":1}},"line":260},"11":{"name":"(anonymous_11)","decl":{"start":{"line":310,"column":12},"end":{"line":310,"column":13}},"loc":{"start":{"line":310,"column":18},"end":{"line":318,"column":3}},"line":310},"12":{"name":"(anonymous_12)","decl":{"start":{"line":313,"column":8},"end":{"line":313,"column":9}},"loc":{"start":{"line":313,"column":19},"end":{"line":315,"column":9}},"line":313},"13":{"name":"(anonymous_13)","decl":{"start":{"line":320,"column":27},"end":{"line":320,"column":28}},"loc":{"start":{"line":320,"column":33},"end":{"line":344,"column":3}},"line":320},"14":{"name":"(anonymous_14)","decl":{"start":{"line":321,"column":11},"end":{"line":321,"column":12}},"loc":{"start":{"line":321,"column":33},"end":{"line":343,"column":5}},"line":321},"15":{"name":"(anonymous_15)","decl":{"start":{"line":323,"column":7},"end":{"line":323,"column":8}},"loc":{"start":{"line":323,"column":19},"end":{"line":342,"column":7}},"line":323}},"branchMap":{"0":{"loc":{"start":{"line":117,"column":6},"end":{"line":120,"column":7}},"type":"if","locations":[{"start":{"line":117,"column":6},"end":{"line":120,"column":7}},{"start":{},"end":{}}],"line":117},"1":{"loc":{"start":{"line":131,"column":8},"end":{"line":131,"column":62}},"type":"cond-expr","locations":[{"start":{"line":131,"column":36},"end":{"line":131,"column":54}},{"start":{"line":131,"column":57},"end":{"line":131,"column":62}}],"line":131},"2":{"loc":{"start":{"line":146,"column":21},"end":{"line":146,"column":34}},"type":"binary-expr","locations":[{"start":{"line":146,"column":21},"end":{"line":146,"column":28}},{"start":{"line":146,"column":32},"end":{"line":146,"column":34}}],"line":146},"3":{"loc":{"start":{"line":147,"column":18},"end":{"line":147,"column":39}},"type":"default-arg","locations":[{"start":{"line":147,"column":35},"end":{"line":147,"column":39}}],"line":147},"4":{"loc":{"start":{"line":152,"column":23},"end":{"line":152,"column":47}},"type":"binary-expr","locations":[{"start":{"line":152,"column":23},"end":{"line":152,"column":29}},{"start":{"line":152,"column":33},"end":{"line":152,"column":47}}],"line":152},"5":{"loc":{"start":{"line":154,"column":2},"end":{"line":158,"column":3}},"type":"if","locations":[{"start":{"line":154,"column":2},"end":{"line":158,"column":3}},{"start":{},"end":{}}],"line":154},"6":{"loc":{"start":{"line":215,"column":19},"end":{"line":215,"column":59}},"type":"binary-expr","locations":[{"start":{"line":215,"column":19},"end":{"line":215,"column":24}},{"start":{"line":215,"column":28},"end":{"line":215,"column":59}}],"line":215},"7":{"loc":{"start":{"line":222,"column":2},"end":{"line":253,"column":3}},"type":"if","locations":[{"start":{"line":222,"column":2},"end":{"line":253,"column":3}},{"start":{},"end":{}}],"line":222},"8":{"loc":{"start":{"line":226,"column":6},"end":{"line":242,"column":7}},"type":"if","locations":[{"start":{"line":226,"column":6},"end":{"line":242,"column":7}},{"start":{},"end":{}}],"line":226},"9":{"loc":{"start":{"line":245,"column":21},"end":{"line":245,"column":43}},"type":"binary-expr","locations":[{"start":{"line":245,"column":21},"end":{"line":245,"column":37}},{"start":{"line":245,"column":41},"end":{"line":245,"column":43}}],"line":245},"10":{"loc":{"start":{"line":262,"column":18},"end":{"line":262,"column":39}},"type":"default-arg","locations":[{"start":{"line":262,"column":35},"end":{"line":262,"column":39}}],"line":262},"11":{"loc":{"start":{"line":266,"column":23},"end":{"line":266,"column":47}},"type":"binary-expr","locations":[{"start":{"line":266,"column":23},"end":{"line":266,"column":37}},{"start":{"line":266,"column":41},"end":{"line":266,"column":47}}],"line":266},"12":{"loc":{"start":{"line":268,"column":2},"end":{"line":272,"column":3}},"type":"if","locations":[{"start":{"line":268,"column":2},"end":{"line":272,"column":3}},{"start":{},"end":{}}],"line":268},"13":{"loc":{"start":{"line":299,"column":4},"end":{"line":301,"column":19}},"type":"cond-expr","locations":[{"start":{"line":300,"column":8},"end":{"line":300,"column":52}},{"start":{"line":301,"column":8},"end":{"line":301,"column":19}}],"line":299},"14":{"loc":{"start":{"line":299,"column":4},"end":{"line":299,"column":39}},"type":"binary-expr","locations":[{"start":{"line":299,"column":4},"end":{"line":299,"column":23}},{"start":{"line":299,"column":27},"end":{"line":299,"column":39}}],"line":299},"15":{"loc":{"start":{"line":340,"column":8},"end":{"line":340,"column":47}},"type":"if","locations":[{"start":{"line":340,"column":8},"end":{"line":340,"column":47}},{"start":{},"end":{}}],"line":340},"16":{"loc":{"start":{"line":346,"column":2},"end":{"line":348,"column":3}},"type":"if","locations":[{"start":{"line":346,"column":2},"end":{"line":348,"column":3}},{"start":{},"end":{}}],"line":346},"17":{"loc":{"start":{"line":351,"column":4},"end":{"line":351,"column":61}},"type":"binary-expr","locations":[{"start":{"line":351,"column":5},"end":{"line":351,"column":44}},{"start":{"line":351,"column":49},"end":{"line":351,"column":61}}],"line":351}},"s":{"0":1,"1":1,"2":1,"3":1,"4":1,"5":1,"6":1,"7":4,"8":3,"9":3,"10":3,"11":1,"12":1,"13":2,"14":0,"15":0,"16":4,"17":0,"18":0,"19":0,"20":0,"21":0,"22":4,"23":1,"24":0,"25":0,"26":0,"27":0,"28":0,"29":0,"30":0,"31":0,"32":0,"33":0,"34":0,"35":0,"36":0,"37":0,"38":0,"39":0,"40":0,"41":0,"42":1,"43":0,"44":0,"45":0,"46":0,"47":0,"48":0,"49":0,"50":0,"51":0,"52":0,"53":0,"54":0,"55":0,"56":0,"57":0,"58":1,"59":9,"60":9,"61":8,"62":8,"63":8,"64":4,"65":4,"66":4,"67":4,"68":4,"69":4,"70":4,"71":4,"72":3,"73":0,"74":4,"75":3,"76":1,"77":1,"78":1,"79":1,"80":1,"81":1,"82":0,"83":0,"84":0,"85":4,"86":1,"87":3},"f":{"0":4,"1":3,"2":0,"3":0,"4":0,"5":0,"6":0,"7":0,"8":0,"9":0,"10":9,"11":3,"12":0,"13":3,"14":1,"15":1},"b":{"0":[1,2],"1":[0,0],"2":[0,0],"3":[0],"4":[0,0],"5":[0,0],"6":[0,0],"7":[0,0],"8":[0,0],"9":[0,0],"10":[4],"11":[8,4],"12":[4,4],"13":[0,4],"14":[4,0],"15":[0,0],"16":[1,3],"17":[3,3]},"_coverageSchema":"1a1c01bbd47fc00a2c39e90264f33305004495a9","hash":"7b7f2f6a5bdd8f7004b97d8116f4d225ae9583e4"}
}
