TN:
SF:dist\index.js
FN:18,_getRequireWildcardCache
FN:18,_getRequireWildcardCache
FN:19,_interopRequireWildcard
FN:20,ownKeys
FN:20,(anonymous_4)
FN:21,_objectSpread
FN:21,(anonymous_6)
FN:21,(anonymous_7)
FN:34,useComponent
FN:64,(anonymous_9)
FN:65,_callee
FN:68,_callee$
FN:82,(anonymous_12)
FN:85,renderComponent
FN:104,_loop
FN:109,_callee2
FN:115,_callee2$
FN:161,useServerState
FN:200,(anonymous_18)
FN:203,getState
FN:209,(anonymous_20)
FN:210,(anonymous_21)
FN:212,_callee3
FN:214,_callee3$
FNF:24
FNH:9
FNDA:1,_getRequireWildcardCache
FNDA:1,_getRequireWildcardCache
FNDA:1,_interopRequireWildcard
FNDA:0,ownKeys
FNDA:0,(anonymous_4)
FNDA:0,_objectSpread
FNDA:0,(anonymous_6)
FNDA:0,(anonymous_7)
FNDA:0,useComponent
FNDA:0,(anonymous_9)
FNDA:0,_callee
FNDA:0,_callee$
FNDA:0,(anonymous_12)
FNDA:0,renderComponent
FNDA:0,_loop
FNDA:0,_callee2
FNDA:0,_callee2$
FNDA:9,useServerState
FNDA:3,(anonymous_18)
FNDA:0,getState
FNDA:3,(anonymous_20)
FNDA:1,(anonymous_21)
FNDA:1,_callee3
FNDA:1,_callee3$
DA:3,1
DA:4,1
DA:5,1
DA:8,1
DA:9,1
DA:10,1
DA:11,1
DA:12,1
DA:13,1
DA:14,1
DA:15,1
DA:16,1
DA:18,1
DA:19,35
DA:20,0
DA:21,0
DA:22,1
DA:23,1
DA:24,1
DA:25,1
DA:26,1
DA:27,1
DA:28,1
DA:29,1
DA:30,1
DA:31,1
DA:32,1
DA:33,1
DA:34,1
DA:36,0
DA:37,0
DA:38,0
DA:39,0
DA:40,0
DA:41,0
DA:42,0
DA:43,0
DA:44,0
DA:45,0
DA:46,0
DA:47,0
DA:49,0
DA:56,0
DA:57,0
DA:58,0
DA:64,0
DA:65,0
DA:68,0
DA:69,0
DA:71,0
DA:72,0
DA:80,0
DA:81,0
DA:82,0
DA:83,0
DA:87,0
DA:94,0
DA:99,0
DA:100,0
DA:102,0
DA:103,0
DA:104,0
DA:105,0
DA:106,0
DA:107,0
DA:108,0
DA:109,0
DA:114,0
DA:115,0
DA:116,0
DA:118,0
DA:119,0
DA:120,0
DA:122,0
DA:123,0
DA:132,0
DA:133,0
DA:134,0
DA:135,0
DA:137,0
DA:138,0
DA:139,0
DA:144,0
DA:150,0
DA:151,0
DA:154,0
DA:155,0
DA:160,1
DA:161,1
DA:163,9
DA:164,9
DA:165,9
DA:166,9
DA:167,8
DA:168,8
DA:169,8
DA:170,8
DA:171,8
DA:172,4
DA:174,4
DA:175,4
DA:176,4
DA:177,4
DA:178,4
DA:185,4
DA:186,4
DA:187,4
DA:188,4
DA:189,4
DA:192,4
DA:199,4
DA:200,4
DA:201,3
DA:204,0
DA:209,4
DA:210,3
DA:211,1
DA:212,1
DA:214,1
DA:215,1
DA:217,1
DA:218,1
DA:219,1
DA:232,1
DA:233,1
DA:235,0
DA:236,0
DA:237,0
DA:239,0
DA:241,0
DA:244,0
DA:250,4
DA:251,1
DA:256,3
DA:261,1
LF:135
LH:68
BRDA:18,0,0,0
BRDA:18,0,1,1
BRDA:18,1,0,0
BRDA:18,1,1,1
BRDA:19,2,0,0
BRDA:19,2,1,1
BRDA:19,3,0,1
BRDA:19,3,1,1
BRDA:19,3,2,1
BRDA:19,4,0,0
BRDA:19,4,1,1
BRDA:19,5,0,1
BRDA:19,5,1,1
BRDA:19,5,2,0
BRDA:19,6,0,0
BRDA:19,6,1,1
BRDA:19,7,0,1
BRDA:19,7,1,1
BRDA:19,8,0,1
BRDA:19,8,1,1
BRDA:19,9,0,35
BRDA:19,9,1,0
BRDA:19,10,0,35
BRDA:19,10,1,35
BRDA:19,11,0,35
BRDA:19,11,1,0
BRDA:19,12,0,0
BRDA:19,12,1,35
BRDA:19,13,0,35
BRDA:19,13,1,35
BRDA:19,13,2,35
BRDA:19,14,0,1
BRDA:19,14,1,0
BRDA:20,15,0,0
BRDA:20,15,1,0
BRDA:20,16,0,0
BRDA:20,16,1,0
BRDA:21,17,0,0
BRDA:21,17,1,0
BRDA:21,18,0,0
BRDA:21,18,1,0
BRDA:21,19,0,0
BRDA:21,19,1,0
BRDA:22,20,0,1
BRDA:22,20,1,1
BRDA:24,21,0,1
BRDA:24,21,1,1
BRDA:26,22,0,1
BRDA:26,22,1,1
BRDA:28,23,0,1
BRDA:28,23,1,1
BRDA:30,24,0,1
BRDA:30,24,1,1
BRDA:32,25,0,1
BRDA:32,25,1,1
BRDA:36,26,0,0
BRDA:36,26,1,0
BRDA:40,27,0,0
BRDA:40,27,1,0
BRDA:45,28,0,0
BRDA:45,28,1,0
BRDA:46,29,0,0
BRDA:46,29,1,0
BRDA:69,30,0,0
BRDA:69,30,1,0
BRDA:69,30,2,0
BRDA:69,30,3,0
BRDA:75,31,0,0
BRDA:75,31,1,0
BRDA:75,32,0,0
BRDA:75,32,1,0
BRDA:75,33,0,0
BRDA:75,33,1,0
BRDA:75,34,0,0
BRDA:75,34,1,0
BRDA:75,35,0,0
BRDA:75,35,1,0
BRDA:75,36,0,0
BRDA:75,36,1,0
BRDA:81,37,0,0
BRDA:81,37,1,0
BRDA:81,38,0,0
BRDA:81,38,1,0
BRDA:81,39,0,0
BRDA:81,39,1,0
BRDA:81,40,0,0
BRDA:81,40,1,0
BRDA:81,41,0,0
BRDA:81,41,1,0
BRDA:81,42,0,0
BRDA:81,42,1,0
BRDA:87,43,0,0
BRDA:87,43,1,0
BRDA:87,44,0,0
BRDA:87,44,1,0
BRDA:87,45,0,0
BRDA:87,45,1,0
BRDA:87,46,0,0
BRDA:87,46,1,0
BRDA:98,47,0,0
BRDA:98,47,1,0
BRDA:98,48,0,0
BRDA:98,48,1,0
BRDA:98,49,0,0
BRDA:98,49,1,0
BRDA:98,50,0,0
BRDA:98,50,1,0
BRDA:98,51,0,0
BRDA:98,51,1,0
BRDA:98,52,0,0
BRDA:98,52,1,0
BRDA:99,53,0,0
BRDA:99,53,1,0
BRDA:99,54,0,0
BRDA:99,54,1,0
BRDA:99,55,0,0
BRDA:99,55,1,0
BRDA:99,56,0,0
BRDA:99,56,1,0
BRDA:100,57,0,0
BRDA:100,57,1,0
BRDA:100,58,0,0
BRDA:100,58,1,0
BRDA:100,58,2,0
BRDA:100,58,3,0
BRDA:100,58,4,0
BRDA:100,58,5,0
BRDA:100,58,6,0
BRDA:102,59,0,0
BRDA:102,59,1,0
BRDA:102,60,0,0
BRDA:102,60,1,0
BRDA:102,61,0,0
BRDA:102,61,1,0
BRDA:102,62,0,0
BRDA:102,62,1,0
BRDA:108,63,0,0
BRDA:108,63,1,0
BRDA:116,64,0,0
BRDA:116,64,1,0
BRDA:116,64,2,0
BRDA:116,64,3,0
BRDA:116,64,4,0
BRDA:154,65,0,0
BRDA:154,65,1,0
BRDA:154,66,0,0
BRDA:154,66,1,0
BRDA:154,67,0,0
BRDA:154,67,1,0
BRDA:154,68,0,0
BRDA:154,68,1,0
BRDA:154,69,0,0
BRDA:154,69,1,0
BRDA:168,70,0,4
BRDA:168,70,1,4
BRDA:169,71,0,8
BRDA:169,71,1,4
BRDA:171,72,0,4
BRDA:171,72,1,4
BRDA:189,73,0,0
BRDA:189,73,1,4
BRDA:189,74,0,4
BRDA:189,74,1,4
BRDA:189,74,2,0
BRDA:189,74,3,0
BRDA:204,75,0,0
BRDA:204,75,1,0
BRDA:204,76,0,0
BRDA:204,76,1,0
BRDA:208,77,0,4
BRDA:208,77,1,0
BRDA:208,78,0,4
BRDA:208,78,1,4
BRDA:208,79,0,0
BRDA:208,79,1,0
BRDA:208,80,0,0
BRDA:208,80,1,0
BRDA:215,81,0,1
BRDA:215,81,1,0
BRDA:215,81,2,0
BRDA:215,81,3,0
BRDA:215,81,4,0
BRDA:235,82,0,0
BRDA:235,82,1,0
BRDA:250,83,0,1
BRDA:250,83,1,3
BRDA:256,84,0,3
BRDA:256,84,1,3
BRDA:256,85,0,3
BRDA:256,85,1,0
BRDA:256,86,0,3
BRDA:256,86,1,3
BRDA:256,87,0,0
BRDA:256,87,1,0
BRDA:256,88,0,0
BRDA:256,88,1,0
BRF:196
BRH:55
end_of_record
TN:
SF:src\index.ts
FN:113,(anonymous_0)
FN:114,(anonymous_1)
FN:124,(anonymous_2)
FN:138,(anonymous_3)
FN:178,(anonymous_4)
FN:179,(anonymous_5)
FN:188,(anonymous_6)
FN:191,(anonymous_7)
FN:211,(anonymous_8)
FN:235,(anonymous_9)
FN:282,(anonymous_10)
FN:285,(anonymous_11)
FN:292,(anonymous_12)
FN:293,(anonymous_13)
FN:295,(anonymous_14)
FNF:15
FNH:5
FNDA:0,(anonymous_0)
FNDA:0,(anonymous_1)
FNDA:0,(anonymous_2)
FNDA:0,(anonymous_3)
FNDA:0,(anonymous_4)
FNDA:0,(anonymous_5)
FNDA:0,(anonymous_6)
FNDA:0,(anonymous_7)
FNDA:0,(anonymous_8)
FNDA:9,(anonymous_9)
FNDA:3,(anonymous_10)
FNDA:0,(anonymous_11)
FNDA:3,(anonymous_12)
FNDA:1,(anonymous_13)
FNDA:1,(anonymous_14)
DA:7,1
DA:34,1
DA:43,1
DA:69,1
DA:78,1
DA:89,1
DA:113,1
DA:114,0
DA:115,0
DA:116,0
DA:117,0
DA:119,0
DA:120,0
DA:124,0
DA:125,0
DA:127,0
DA:128,0
DA:129,0
DA:131,0
DA:135,0
DA:138,1
DA:142,0
DA:143,0
DA:147,0
DA:148,0
DA:150,0
DA:151,0
DA:155,0
DA:161,0
DA:178,0
DA:179,0
DA:180,0
DA:187,0
DA:188,0
DA:189,0
DA:192,0
DA:203,0
DA:204,0
DA:206,0
DA:207,0
DA:209,0
DA:210,0
DA:211,0
DA:212,0
DA:213,0
DA:221,0
DA:223,0
DA:230,0
DA:232,0
DA:235,1
DA:239,9
DA:240,9
DA:244,8
DA:245,8
DA:246,8
DA:247,4
DA:251,4
DA:259,4
DA:269,4
DA:271,4
DA:274,4
DA:282,4
DA:283,3
DA:286,0
DA:292,4
DA:293,3
DA:294,1
DA:295,1
DA:296,1
DA:297,1
DA:298,1
DA:311,1
DA:312,0
DA:313,0
DA:318,4
DA:319,1
DA:322,3
LF:77
LH:33
BRDA:117,0,0,0
BRDA:117,0,1,0
BRDA:127,1,0,0
BRDA:127,1,1,0
BRDA:142,2,0,0
BRDA:142,2,1,0
BRDA:143,3,0,0
BRDA:148,4,0,0
BRDA:148,4,1,0
BRDA:150,5,0,0
BRDA:150,5,1,0
BRDA:204,6,0,0
BRDA:204,6,1,0
BRDA:210,7,0,0
BRDA:210,7,1,0
BRDA:230,8,0,0
BRDA:230,8,1,0
BRDA:240,9,0,4
BRDA:244,10,0,8
BRDA:244,10,1,4
BRDA:246,11,0,4
BRDA:246,11,1,4
BRDA:271,12,0,0
BRDA:271,12,1,4
BRDA:271,13,0,4
BRDA:271,13,1,0
BRDA:312,14,0,0
BRDA:312,14,1,0
BRDA:318,15,0,1
BRDA:318,15,1,3
BRDA:323,16,0,3
BRDA:323,16,1,3
BRF:32
BRH:11
end_of_record
