TN:
SF:dist\index.js
FN:18,_getRequireWildcardCache
FN:18,_getRequireWildcardCache
FN:19,_interopRequireWildcard
FN:20,ownKeys
FN:20,(anonymous_4)
FN:21,_objectSpread
FN:21,(anonymous_6)
FN:21,(anonymous_7)
FN:25,useServerState
FN:62,(anonymous_9)
FN:70,getState
FN:76,(anonymous_11)
FN:77,(anonymous_12)
FN:84,_callee
FN:85,_callee$
FNF:15
FNH:7
FNDA:1,_getRequireWildcardCache
FNDA:1,_getRequireWildcardCache
FNDA:1,_interopRequireWildcard
FNDA:0,ownKeys
FNDA:0,(anonymous_4)
FNDA:0,_objectSpread
FNDA:0,(anonymous_6)
FNDA:0,(anonymous_7)
FNDA:10,useServerState
FNDA:3,(anonymous_9)
FNDA:0,getState
FNDA:3,(anonymous_11)
FNDA:1,(anonymous_12)
FNDA:0,_callee
FNDA:0,_callee$
DA:3,1
DA:4,1
DA:5,1
DA:8,1
DA:9,1
DA:10,1
DA:11,1
DA:12,1
DA:13,1
DA:14,1
DA:15,1
DA:16,1
DA:18,1
DA:19,35
DA:20,0
DA:21,0
DA:22,1
DA:23,1
DA:24,1
DA:25,1
DA:27,10
DA:28,10
DA:29,10
DA:30,10
DA:31,10
DA:32,10
DA:33,0
DA:35,10
DA:36,8
DA:37,8
DA:38,8
DA:39,8
DA:40,4
DA:42,4
DA:43,4
DA:44,4
DA:45,4
DA:46,4
DA:53,4
DA:54,4
DA:61,4
DA:62,4
DA:63,3
DA:64,3
DA:65,3
DA:67,0
DA:68,0
DA:71,0
DA:76,4
DA:77,3
DA:78,1
DA:79,1
DA:80,1
DA:81,1
DA:83,0
DA:84,0
DA:85,0
DA:86,0
DA:88,0
DA:96,0
DA:99,0
DA:105,4
DA:106,1
DA:108,3
DA:110,1
LF:65
LH:52
BRDA:18,0,0,0
BRDA:18,0,1,1
BRDA:18,1,0,0
BRDA:18,1,1,1
BRDA:19,2,0,0
BRDA:19,2,1,1
BRDA:19,3,0,1
BRDA:19,3,1,1
BRDA:19,3,2,1
BRDA:19,4,0,0
BRDA:19,4,1,1
BRDA:19,5,0,1
BRDA:19,5,1,1
BRDA:19,5,2,0
BRDA:19,6,0,0
BRDA:19,6,1,1
BRDA:19,7,0,1
BRDA:19,7,1,1
BRDA:19,8,0,1
BRDA:19,8,1,1
BRDA:19,9,0,35
BRDA:19,9,1,0
BRDA:19,10,0,35
BRDA:19,10,1,35
BRDA:19,11,0,35
BRDA:19,11,1,0
BRDA:19,12,0,0
BRDA:19,12,1,35
BRDA:19,13,0,35
BRDA:19,13,1,35
BRDA:19,13,2,35
BRDA:19,14,0,1
BRDA:19,14,1,0
BRDA:20,15,0,0
BRDA:20,15,1,0
BRDA:20,16,0,0
BRDA:20,16,1,0
BRDA:21,17,0,0
BRDA:21,17,1,0
BRDA:21,18,0,0
BRDA:21,18,1,0
BRDA:21,19,0,0
BRDA:21,19,1,0
BRDA:22,20,0,1
BRDA:22,20,1,1
BRDA:23,21,0,1
BRDA:23,21,1,1
BRDA:24,22,0,1
BRDA:24,22,1,1
BRDA:32,23,0,0
BRDA:32,23,1,10
BRDA:35,24,0,10
BRDA:35,24,1,0
BRDA:37,25,0,4
BRDA:37,25,1,4
BRDA:38,26,0,8
BRDA:38,26,1,4
BRDA:39,27,0,4
BRDA:39,27,1,4
BRDA:63,28,0,3
BRDA:63,28,1,0
BRDA:71,29,0,0
BRDA:71,29,1,0
BRDA:71,30,0,0
BRDA:71,30,1,0
BRDA:75,31,0,4
BRDA:75,31,1,0
BRDA:75,32,0,4
BRDA:75,32,1,4
BRDA:75,33,0,0
BRDA:75,33,1,0
BRDA:75,34,0,0
BRDA:75,34,1,0
BRDA:78,35,0,1
BRDA:78,35,1,0
BRDA:86,36,0,0
BRDA:86,36,1,0
BRDA:86,36,2,0
BRDA:105,37,0,1
BRDA:105,37,1,3
BRDA:108,38,0,3
BRDA:108,38,1,3
BRDA:108,39,0,3
BRDA:108,39,1,0
BRDA:108,40,0,3
BRDA:108,40,1,3
BRDA:108,41,0,0
BRDA:108,41,1,0
BRDA:108,42,0,0
BRDA:108,42,1,0
BRF:90
BRH:49
end_of_record
TN:
SF:src\index.ts
FN:43,(anonymous_0)
FN:79,(anonymous_1)
FN:83,(anonymous_2)
FN:90,(anonymous_3)
FN:91,(anonymous_4)
FN:93,(anonymous_5)
FNF:6
FNH:5
FNDA:10,(anonymous_0)
FNDA:3,(anonymous_1)
FNDA:0,(anonymous_2)
FNDA:3,(anonymous_3)
FNDA:1,(anonymous_4)
FNDA:1,(anonymous_5)
DA:6,1
DA:15,1
DA:24,1
DA:43,1
DA:47,10
DA:48,10
DA:52,9
DA:54,9
DA:55,4
DA:59,5
DA:62,5
DA:71,5
DA:79,5
DA:80,3
DA:81,3
DA:84,0
DA:90,5
DA:91,3
DA:92,1
DA:93,1
DA:94,1
DA:102,0
DA:107,5
DA:108,2
DA:111,3
LF:25
LH:23
BRDA:48,0,0,4
BRDA:52,1,0,9
BRDA:52,1,1,4
BRDA:54,2,0,4
BRDA:54,2,1,5
BRDA:107,3,0,2
BRDA:107,3,1,3
BRDA:111,4,0,3
BRDA:111,4,1,3
BRF:9
BRH:9
end_of_record
